Log file open, 01/30/23 01:06:30
LogWindows: Failed to load 'aqProf.dll' (GetLastError=126)
LogWindows: File 'aqProf.dll' does not exist
LogWindows: Failed to load 'VtuneApi.dll' (GetLastError=126)
LogWindows: File 'VtuneApi.dll' does not exist
LogWindows: Failed to load 'VtuneApi32e.dll' (GetLastError=126)
LogWindows: File 'VtuneApi32e.dll' does not exist
LogConsoleResponse: Display: Failed to find resolution value strings in scalability ini. Falling back to default.
LogConsoleResponse: Display: Failed to find resolution value strings in scalability ini. Falling back to default.
LogInit: Display: Running engine for game: MyProject
LogPlatformFile: Not using cached read wrapper
LogTaskGraph: Started task graph with 5 named threads and 20 total threads with 3 sets of task threads.
LogStats: Stats thread started at 0.217259
LogICUInternationalization: ICU TimeZone Detection - Raw Offset: +3:00, Platform Override: ''
LogInit: Display: Loading text-based GConfig....
LogPluginManager: Mounting plugin MeshPainting
LogPluginManager: Mounting plugin XGEController
LogPluginManager: Mounting plugin Paper2D
LogPluginManager: Mounting plugin LiveLink
LogPluginManager: Mounting plugin AISupport
LogPluginManager: Mounting plugin EnvironmentQueryEditor
LogPluginManager: Mounting plugin LightPropagationVolume
LogPluginManager: Mounting plugin CameraShakePreviewer
LogPluginManager: Mounting plugin GameplayCameras
LogPluginManager: Mounting plugin AssetManagerEditor
LogPluginManager: Mounting plugin CryptoKeys
LogPluginManager: Mounting plugin DataValidation
LogPluginManager: Mounting plugin CurveEditorTools
LogPluginManager: Mounting plugin FacialAnimation
LogPluginManager: Mounting plugin GameplayTagsEditor
LogPluginManager: Mounting plugin MacGraphicsSwitching
LogPluginManager: Mounting plugin MaterialAnalyzer
LogPluginManager: Mounting plugin GeometryMode
LogPluginManager: Mounting plugin MobileLauncherProfileWizard
LogPluginManager: Mounting plugin PluginBrowser
LogPluginManager: Mounting plugin SpeedTreeImporter
LogPluginManager: Mounting plugin OodleData
LogPluginManager: Mounting plugin OodleNetwork
LogPluginManager: Mounting plugin AnimationSharing
LogPluginManager: Mounting plugin CLionSourceCodeAccess
LogPluginManager: Mounting plugin GitSourceControl
LogPluginManager: Mounting plugin CodeLiteSourceCodeAccess
LogPluginManager: Mounting plugin KDevelopSourceCodeAccess
LogPluginManager: Mounting plugin NullSourceCodeAccess
LogPluginManager: Mounting plugin PerforceSourceControl
LogPluginManager: Mounting plugin PixWinPlugin
LogPluginManager: Mounting plugin PlasticSourceControl
LogPluginManager: Mounting plugin PluginUtils
LogPluginManager: Mounting plugin PropertyAccessNode
LogPluginManager: Mounting plugin RiderSourceCodeAccess
LogPluginManager: Mounting plugin TextureFormatOodle
LogPluginManager: Mounting plugin SubversionSourceControl
LogPluginManager: Mounting plugin UObjectPlugin
LogPluginManager: Mounting plugin VisualStudioCodeSourceCodeAccess
LogPluginManager: Mounting plugin VisualStudioSourceCodeAccess
LogPluginManager: Mounting plugin XCodeSourceCodeAccess
LogPluginManager: Mounting plugin DatasmithContent
LogPluginManager: Mounting plugin VariantManagerContent
LogPluginManager: Mounting plugin AlembicImporter
LogPluginManager: Mounting plugin AutomationUtils
LogPluginManager: Mounting plugin BackChannel
LogPluginManager: Mounting plugin ChaosCloth
LogPluginManager: Mounting plugin ChaosClothEditor
LogPluginManager: Mounting plugin ChaosEditor
LogPluginManager: Mounting plugin ChaosNiagara
LogPluginManager: Mounting plugin ChaosSolverPlugin
LogPluginManager: Mounting plugin CharacterAI
LogPluginManager: Mounting plugin GeometryCache
LogPluginManager: Mounting plugin GeometryCollectionPlugin
LogPluginManager: Mounting plugin GeometryProcessing
LogPluginManager: Mounting plugin MotoSynth
LogPluginManager: Mounting plugin OpenImageDenoise
LogPluginManager: Mounting plugin PlanarCut
LogPluginManager: Mounting plugin ProxyLODPlugin
LogPluginManager: Mounting plugin PlatformCrypto
LogPluginManager: Mounting plugin PythonScriptPlugin
LogPluginManager: Mounting plugin SkeletalReduction
LogPluginManager: Mounting plugin Niagara
LogPluginManager: Mounting plugin LuminPlatformFeatures
LogPluginManager: Mounting plugin MagicLeap
LogPluginManager: Mounting plugin MagicLeapLightEstimation
LogPluginManager: Mounting plugin MagicLeapMedia
LogPluginManager: Mounting plugin MagicLeapPassableWorld
LogPluginManager: Mounting plugin MLSDK
LogPluginManager: Mounting plugin AndroidMedia
LogPluginManager: Mounting plugin AvfMedia
LogPluginManager: Mounting plugin ImgMedia
LogPluginManager: Mounting plugin MediaCompositing
LogPluginManager: Mounting plugin MediaPlayerEditor
LogPluginManager: Mounting plugin WmfMedia
LogPluginManager: Mounting plugin WebMMedia
LogPluginManager: Mounting plugin ActorSequence
LogPluginManager: Mounting plugin TcpMessaging
LogPluginManager: Mounting plugin UdpMessaging
LogPluginManager: Mounting plugin LevelSequenceEditor
LogPluginManager: Mounting plugin MatineeToLevelSequence
LogPluginManager: Mounting plugin TemplateSequence
LogPluginManager: Mounting plugin OnlineSubsystem
LogPluginManager: Mounting plugin OnlineSubsystemNull
LogPluginManager: Mounting plugin OnlineSubsystemUtils
LogPluginManager: Mounting plugin LauncherChunkInstaller
LogPluginManager: Mounting plugin ActorLayerUtilities
LogPluginManager: Mounting plugin AndroidDeviceProfileSelector
LogPluginManager: Mounting plugin AndroidMoviePlayer
LogPluginManager: Mounting plugin AndroidPermission
LogPluginManager: Mounting plugin AppleImageUtils
LogPluginManager: Mounting plugin ArchVisCharacter
LogPluginManager: Mounting plugin AssetTags
LogPluginManager: Mounting plugin AudioCapture
LogPluginManager: Mounting plugin AppleMoviePlayer
LogPluginManager: Mounting plugin AudioSynesthesia
LogPluginManager: Mounting plugin CableComponent
LogPluginManager: Mounting plugin ChunkDownloader
LogPluginManager: Mounting plugin CustomMeshComponent
LogPluginManager: Mounting plugin EditableMesh
LogPluginManager: Mounting plugin ExampleDeviceProfileSelector
LogPluginManager: Mounting plugin GoogleCloudMessaging
LogPluginManager: Mounting plugin GooglePAD
LogPluginManager: Mounting plugin IOSDeviceProfileSelector
LogPluginManager: Mounting plugin LinuxDeviceProfileSelector
LogPluginManager: Mounting plugin LocationServicesBPLibrary
LogPluginManager: Mounting plugin MobilePatchingUtils
LogPluginManager: Mounting plugin OpenXR
LogPluginManager: Mounting plugin OpenXREyeTracker
LogPluginManager: Mounting plugin OpenXRHandTracking
LogPluginManager: Mounting plugin PhysXVehicles
LogPluginManager: Mounting plugin ProceduralMeshComponent
LogPluginManager: Mounting plugin PropertyAccessEditor
LogPluginManager: Mounting plugin PostSplashScreen
LogPluginManager: Mounting plugin RuntimePhysXCooking
LogPluginManager: Mounting plugin SignificanceManager
LogPluginManager: Mounting plugin SoundFields
LogPluginManager: Mounting plugin Synthesis
LogPluginManager: Mounting plugin WebMMoviePlayer
LogPluginManager: Mounting plugin WindowsMoviePlayer
LogPluginManager: Mounting plugin ScreenshotTools
LogPluginManager: Mounting plugin Takes
LogPluginManager: Mounting plugin ContentBrowserAssetDataSource
LogPluginManager: Mounting plugin ContentBrowserClassDataSource
LogPluginManager: Mounting plugin ContentBrowserFileDataSource
LogPluginManager: Mounting plugin OnlineSubsystemIOS
LogPluginManager: Mounting plugin OnlineSubsystemGooglePlay
LogPluginManager: Mounting plugin OculusVR
LogPluginManager: Mounting plugin SteamVR
PixWinPlugin: PIX capture plugin failed to initialize! Check that the process is launched from PIX.
LogLuminAPIImpl: Warning: MLSDK not found.  This likely means the MLSDK environment variable is not set.
LogInit: Using libcurl 7.55.1-DEV
LogInit:  - built for x86_64-pc-win32
LogInit:  - supports SSL with OpenSSL/1.1.1
LogInit:  - supports HTTP deflate (compression) using libz 1.2.8
LogInit:  - other features:
LogInit:      CURL_VERSION_SSL
LogInit:      CURL_VERSION_LIBZ
LogInit:      CURL_VERSION_IPV6
LogInit:      CURL_VERSION_ASYNCHDNS
LogInit:      CURL_VERSION_LARGEFILE
LogInit:      CURL_VERSION_IDN
LogInit:  CurlRequestOptions (configurable via config and command line):
LogInit:  - bVerifyPeer = true  - Libcurl will verify peer certificate
LogInit:  - bUseHttpProxy = false  - Libcurl will NOT use HTTP proxy
LogInit:  - bDontReuseConnections = false  - Libcurl will reuse connections
LogInit:  - MaxHostConnections = 16  - Libcurl will limit the number of connections to a host
LogInit:  - LocalHostAddr = Default
LogInit:  - BufferSize = 65536
LogOnline: OSS: Creating online subsystem instance for: NULL
LogInit: WinSock: version 1.1 (2.2), MaxSocks=32767, MaxUdp=65467
LogOnline: OSS: TryLoadSubsystemAndSetDefault: Loaded subsystem for module [NULL]
LogOculusPluginWrapper: OculusPlugin initialized successfully
LogHMD: Failed initializing OVRPlugin 1.59.0
LogInit: Build: ++UE4+Release-4.27-CL-18319896
LogInit: Engine Version: 4.27.2-18319896+++UE4+Release-4.27
LogInit: Compatible Engine Version: 4.27.0-17155196+++UE4+Release-4.27
LogInit: Net CL: 17155196
LogInit: OS: Windows 10 (Release 2009) (), CPU: Intel(R) Core(TM) i5-9400F CPU @ 2.90GHz, GPU: NVIDIA GeForce GTX 1660 SUPER
LogInit: Compiled (64-bit): Nov 30 2021 07:12:08
LogInit: Compiled with Visual C++: 19.24.28315.00
LogInit: Build Configuration: Development
LogInit: Branch Name: ++UE4+Release-4.27
LogInit: Command Line: 
LogInit: Base Directory: D:/Epic Games/Unreal Engine 4/UE_4.27/Engine/Binaries/Win64/
LogInit: Allocator: TBB
LogInit: Installed Engine Build: 1
LogDevObjectVersion: Number of dev versions registered: 29
LogDevObjectVersion:   Dev-Blueprints (B0D832E4-1F89-4F0D-ACCF-7EB736FD4AA2): 10
LogDevObjectVersion:   Dev-Build (E1C64328-A22C-4D53-A36C-8E866417BD8C): 0
LogDevObjectVersion:   Dev-Core (375EC13C-06E4-48FB-B500-84F0262A717E): 4
LogDevObjectVersion:   Dev-Editor (E4B068ED-F494-42E9-A231-DA0B2E46BB41): 40
LogDevObjectVersion:   Dev-Framework (CFFC743F-43B0-4480-9391-14DF171D2073): 37
LogDevObjectVersion:   Dev-Mobile (B02B49B5-BB20-44E9-A304-32B752E40360): 3
LogDevObjectVersion:   Dev-Networking (A4E4105C-59A1-49B5-A7C5-40C4547EDFEE): 0
LogDevObjectVersion:   Dev-Online (39C831C9-5AE6-47DC-9A44-9C173E1C8E7C): 0
LogDevObjectVersion:   Dev-Physics (78F01B33-EBEA-4F98-B9B4-84EACCB95AA2): 14
LogDevObjectVersion:   Dev-Platform (6631380F-2D4D-43E0-8009-CF276956A95A): 0
LogDevObjectVersion:   Dev-Rendering (12F88B9F-8875-4AFC-A67C-D90C383ABD29): 45
LogDevObjectVersion:   Dev-Sequencer (7B5AE74C-D270-4C10-A958-57980B212A5A): 13
LogDevObjectVersion:   Dev-VR (D7296918-1DD6-4BDD-9DE2-64A83CC13884): 3
LogDevObjectVersion:   Dev-LoadTimes (C2A15278-BFE7-4AFE-6C17-90FF531DF755): 1
LogDevObjectVersion:   Private-Geometry (6EACA3D4-40EC-4CC1-B786-8BED09428FC5): 3
LogDevObjectVersion:   Dev-AnimPhys (29E575DD-E0A3-4627-9D10-D276232CDCEA): 17
LogDevObjectVersion:   Dev-Anim (AF43A65D-7FD3-4947-9873-3E8ED9C1BB05): 15
LogDevObjectVersion:   Dev-ReflectionCapture (6B266CEC-1EC7-4B8F-A30B-E4D90942FC07): 1
LogDevObjectVersion:   Dev-Automation (0DF73D61-A23F-47EA-B727-89E90C41499A): 1
LogDevObjectVersion:   FortniteMain (601D1886-AC64-4F84-AA16-D3DE0DEAC7D6): 47
LogDevObjectVersion:   FortniteRelease (E7086368-6B23-4C58-8439-1B7016265E91): 1
LogDevObjectVersion:   Dev-Enterprise (9DFFBCD6-494F-0158-E221-12823C92A888): 10
LogDevObjectVersion:   Dev-Niagara (F2AED0AC-9AFE-416F-8664-AA7FFA26D6FC): 1
LogDevObjectVersion:   Dev-Destruction (174F1F0B-B4C6-45A5-B13F-2EE8D0FB917D): 10
LogDevObjectVersion:   Dev-Physics-Ext (35F94A83-E258-406C-A318-09F59610247C): 41
LogDevObjectVersion:   Dev-PhysicsMaterial-Chaos (B68FC16E-8B1B-42E2-B453-215C058844FE): 1
LogDevObjectVersion:   Dev-CineCamera (B2E18506-4273-CFC2-A54E-F4BB758BBA07): 1
LogDevObjectVersion:   Dev-VirtualProduction (64F58936-FD1B-42BA-BA96-7289D5D0FA4E): 1
LogDevObjectVersion:   Dev-MediaFramework (6F0ED827-A609-4895-9C91-998D90180EA4): 2
LogInit: Presizing for max 25165824 objects, including 0 objects not considered by GC, pre-allocating 0 bytes for permanent pool.
LogConfig: Applying CVar settings from Section [/Script/Engine.StreamingSettings] File [D:/projects/TesUE4/.git/Тест. ПРоекты/Новая папка/MyProject/Saved/Config/Windows/Engine.ini]
LogConfig: Setting CVar [[s.MinBulkDataSizeForAsyncLoading:131072]]
LogConfig: Setting CVar [[s.AsyncLoadingThreadEnabled:0]]
LogConfig: Setting CVar [[s.EventDrivenLoaderEnabled:1]]
LogConfig: Setting CVar [[s.WarnIfTimeLimitExceeded:0]]
LogConfig: Setting CVar [[s.TimeLimitExceededMultiplier:1.5]]
LogConfig: Setting CVar [[s.TimeLimitExceededMinTime:0.005]]
LogConfig: Setting CVar [[s.UseBackgroundLevelStreaming:1]]
LogConfig: Setting CVar [[s.PriorityAsyncLoadingExtraTime:15.0]]
LogConfig: Setting CVar [[s.LevelStreamingActorsUpdateTimeLimit:5.0]]
LogConfig: Setting CVar [[s.PriorityLevelStreamingActorsUpdateExtraTime:5.0]]
LogConfig: Setting CVar [[s.LevelStreamingComponentsRegistrationGranularity:10]]
LogConfig: Setting CVar [[s.UnregisterComponentsTimeLimit:1.0]]
LogConfig: Setting CVar [[s.LevelStreamingComponentsUnregistrationGranularity:5]]
LogConfig: Setting CVar [[s.FlushStreamingOnExit:1]]
LogInit: Object subsystem initialized
LogConfig: Setting CVar [[con.DebugEarlyDefault:1]]
LogConfig: Setting CVar [[r.setres:1280x720]]
[2023.01.29-22.06.31:231][  0]LogConfig: Setting CVar [[r.VSync:0]]
[2023.01.29-22.06.31:231][  0]LogConfig: Setting CVar [[r.RHICmdBypass:0]]
[2023.01.29-22.06.31:231][  0]LogConfig: Applying CVar settings from Section [/Script/Engine.RendererSettings] File [D:/projects/TesUE4/.git/Тест. ПРоекты/Новая папка/MyProject/Saved/Config/Windows/Engine.ini]
[2023.01.29-22.06.31:231][  0]LogConfig: Setting CVar [[r.GPUCrashDebugging:0]]
[2023.01.29-22.06.31:231][  0]LogConfig: Setting CVar [[r.MobileHDR:0]]
[2023.01.29-22.06.31:231][  0]LogConfig: Applying CVar settings from Section [/Script/Engine.RendererOverrideSettings] File [D:/projects/TesUE4/.git/Тест. ПРоекты/Новая папка/MyProject/Saved/Config/Windows/Engine.ini]
[2023.01.29-22.06.31:231][  0]LogConfig: Applying CVar settings from Section [/Script/Engine.StreamingSettings] File [D:/projects/TesUE4/.git/Тест. ПРоекты/Новая папка/MyProject/Saved/Config/Windows/Engine.ini]
[2023.01.29-22.06.31:231][  0]LogConfig: Setting CVar [[s.MinBulkDataSizeForAsyncLoading:131072]]
[2023.01.29-22.06.31:232][  0]LogConfig: Setting CVar [[s.AsyncLoadingThreadEnabled:0]]
[2023.01.29-22.06.31:232][  0]LogConfig: Setting CVar [[s.EventDrivenLoaderEnabled:1]]
[2023.01.29-22.06.31:232][  0]LogConfig: Setting CVar [[s.WarnIfTimeLimitExceeded:0]]
[2023.01.29-22.06.31:232][  0]LogConfig: Setting CVar [[s.TimeLimitExceededMultiplier:1.5]]
[2023.01.29-22.06.31:232][  0]LogConfig: Setting CVar [[s.TimeLimitExceededMinTime:0.005]]
[2023.01.29-22.06.31:232][  0]LogConfig: Setting CVar [[s.UseBackgroundLevelStreaming:1]]
[2023.01.29-22.06.31:232][  0]LogConfig: Setting CVar [[s.PriorityAsyncLoadingExtraTime:15.0]]
[2023.01.29-22.06.31:232][  0]LogConfig: Setting CVar [[s.LevelStreamingActorsUpdateTimeLimit:5.0]]
[2023.01.29-22.06.31:232][  0]LogConfig: Setting CVar [[s.PriorityLevelStreamingActorsUpdateExtraTime:5.0]]
[2023.01.29-22.06.31:232][  0]LogConfig: Setting CVar [[s.LevelStreamingComponentsRegistrationGranularity:10]]
[2023.01.29-22.06.31:232][  0]LogConfig: Setting CVar [[s.UnregisterComponentsTimeLimit:1.0]]
[2023.01.29-22.06.31:232][  0]LogConfig: Setting CVar [[s.LevelStreamingComponentsUnregistrationGranularity:5]]
[2023.01.29-22.06.31:232][  0]LogConfig: Setting CVar [[s.FlushStreamingOnExit:1]]
[2023.01.29-22.06.31:232][  0]LogConfig: Applying CVar settings from Section [/Script/Engine.GarbageCollectionSettings] File [D:/projects/TesUE4/.git/Тест. ПРоекты/Новая папка/MyProject/Saved/Config/Windows/Engine.ini]
[2023.01.29-22.06.31:232][  0]LogConfig: Setting CVar [[gc.MaxObjectsNotConsideredByGC:1]]
[2023.01.29-22.06.31:232][  0]LogConfig: Setting CVar [[gc.SizeOfPermanentObjectPool:0]]
[2023.01.29-22.06.31:232][  0]LogConfig: Setting CVar [[gc.FlushStreamingOnGC:0]]
[2023.01.29-22.06.31:232][  0]LogConfig: Setting CVar [[gc.NumRetriesBeforeForcingGC:10]]
[2023.01.29-22.06.31:232][  0]LogConfig: Setting CVar [[gc.AllowParallelGC:1]]
[2023.01.29-22.06.31:232][  0]LogConfig: Setting CVar [[gc.TimeBetweenPurgingPendingKillObjects:61.1]]
[2023.01.29-22.06.31:232][  0]LogConfig: Setting CVar [[gc.MaxObjectsInEditor:25165824]]
[2023.01.29-22.06.31:232][  0]LogConfig: Setting CVar [[gc.IncrementalBeginDestroyEnabled:1]]
[2023.01.29-22.06.31:232][  0]LogConfig: Setting CVar [[gc.CreateGCClusters:1]]
[2023.01.29-22.06.31:232][  0]LogConfig: Setting CVar [[gc.MinGCClusterSize:5]]
[2023.01.29-22.06.31:232][  0]LogConfig: Setting CVar [[gc.ActorClusteringEnabled:0]]
[2023.01.29-22.06.31:232][  0]LogConfig: Setting CVar [[gc.BlueprintClusteringEnabled:0]]
[2023.01.29-22.06.31:232][  0]LogConfig: Setting CVar [[gc.UseDisregardForGCOnDedicatedServers:0]]
[2023.01.29-22.06.31:232][  0]LogConfig: Setting CVar [[gc.MultithreadedDestructionEnabled:1]]
[2023.01.29-22.06.31:232][  0]LogConfig: Applying CVar settings from Section [/Script/Engine.NetworkSettings] File [D:/projects/TesUE4/.git/Тест. ПРоекты/Новая папка/MyProject/Saved/Config/Windows/Engine.ini]
[2023.01.29-22.06.31:232][  0]LogConfig: Applying CVar settings from Section [/Script/UnrealEd.CookerSettings] File [D:/projects/TesUE4/.git/Тест. ПРоекты/Новая папка/MyProject/Saved/Config/Windows/Engine.ini]
[2023.01.29-22.06.31:243][  0]LogConfig: Applying CVar settings from Section [ViewDistanceQuality@3] File [D:/projects/TesUE4/.git/Тест. ПРоекты/Новая папка/MyProject/Saved/Config/Windows/Scalability.ini]
[2023.01.29-22.06.31:243][  0]LogConfig: Setting CVar [[r.SkeletalMeshLODBias:0]]
[2023.01.29-22.06.31:243][  0]LogConfig: Setting CVar [[r.ViewDistanceScale:1.0]]
[2023.01.29-22.06.31:243][  0]LogConfig: Applying CVar settings from Section [AntiAliasingQuality@3] File [D:/projects/TesUE4/.git/Тест. ПРоекты/Новая папка/MyProject/Saved/Config/Windows/Scalability.ini]
[2023.01.29-22.06.31:243][  0]LogConfig: Setting CVar [[r.PostProcessAAQuality:4]]
[2023.01.29-22.06.31:243][  0]LogConfig: Applying CVar settings from Section [ShadowQuality@3] File [D:/projects/TesUE4/.git/Тест. ПРоекты/Новая папка/MyProject/Saved/Config/Windows/Scalability.ini]
[2023.01.29-22.06.31:243][  0]LogConfig: Setting CVar [[r.LightFunctionQuality:1]]
[2023.01.29-22.06.31:243][  0]LogConfig: Setting CVar [[r.ShadowQuality:5]]
[2023.01.29-22.06.31:243][  0]LogConfig: Setting CVar [[r.Shadow.CSM.MaxCascades:10]]
[2023.01.29-22.06.31:243][  0]LogConfig: Setting CVar [[r.Shadow.MaxResolution:2048]]
[2023.01.29-22.06.31:243][  0]LogConfig: Setting CVar [[r.Shadow.MaxCSMResolution:2048]]
[2023.01.29-22.06.31:243][  0]LogConfig: Setting CVar [[r.Shadow.RadiusThreshold:0.01]]
[2023.01.29-22.06.31:243][  0]LogConfig: Setting CVar [[r.Shadow.DistanceScale:1.0]]
[2023.01.29-22.06.31:243][  0]LogConfig: Setting CVar [[r.Shadow.CSM.TransitionScale:1.0]]
[2023.01.29-22.06.31:243][  0]LogConfig: Setting CVar [[r.Shadow.PreShadowResolutionFactor:1.0]]
[2023.01.29-22.06.31:243][  0]LogConfig: Setting CVar [[r.DistanceFieldShadowing:1]]
[2023.01.29-22.06.31:243][  0]LogConfig: Setting CVar [[r.DistanceFieldAO:1]]
[2023.01.29-22.06.31:243][  0]LogConfig: Setting CVar [[r.AOQuality:2]]
[2023.01.29-22.06.31:243][  0]LogConfig: Setting CVar [[r.VolumetricFog:1]]
[2023.01.29-22.06.31:243][  0]LogConfig: Setting CVar [[r.VolumetricFog.GridPixelSize:8]]
[2023.01.29-22.06.31:243][  0]LogConfig: Setting CVar [[r.VolumetricFog.GridSizeZ:128]]
[2023.01.29-22.06.31:243][  0]LogConfig: Setting CVar [[r.VolumetricFog.HistoryMissSupersampleCount:4]]
[2023.01.29-22.06.31:243][  0]LogConfig: Setting CVar [[r.LightMaxDrawDistanceScale:1]]
[2023.01.29-22.06.31:243][  0]LogConfig: Setting CVar [[r.CapsuleShadows:1]]
[2023.01.29-22.06.31:243][  0]LogConfig: Applying CVar settings from Section [PostProcessQuality@3] File [D:/projects/TesUE4/.git/Тест. ПРоекты/Новая папка/MyProject/Saved/Config/Windows/Scalability.ini]
[2023.01.29-22.06.31:243][  0]LogConfig: Setting CVar [[r.MotionBlurQuality:4]]
[2023.01.29-22.06.31:243][  0]LogConfig: Setting CVar [[r.AmbientOcclusionMipLevelFactor:0.4]]
[2023.01.29-22.06.31:243][  0]LogConfig: Setting CVar [[r.AmbientOcclusionMaxQuality:100]]
[2023.01.29-22.06.31:243][  0]LogConfig: Setting CVar [[r.AmbientOcclusionLevels:-1]]
[2023.01.29-22.06.31:243][  0]LogConfig: Setting CVar [[r.AmbientOcclusionRadiusScale:1.0]]
[2023.01.29-22.06.31:243][  0]LogConfig: Setting CVar [[r.DepthOfFieldQuality:2]]
[2023.01.29-22.06.31:243][  0]LogConfig: Setting CVar [[r.RenderTargetPoolMin:400]]
[2023.01.29-22.06.31:243][  0]LogConfig: Setting CVar [[r.LensFlareQuality:2]]
[2023.01.29-22.06.31:243][  0]LogConfig: Setting CVar [[r.SceneColorFringeQuality:1]]
[2023.01.29-22.06.31:243][  0]LogConfig: Setting CVar [[r.EyeAdaptationQuality:2]]
[2023.01.29-22.06.31:243][  0]LogConfig: Setting CVar [[r.BloomQuality:5]]
[2023.01.29-22.06.31:243][  0]LogConfig: Setting CVar [[r.FastBlurThreshold:100]]
[2023.01.29-22.06.31:243][  0]LogConfig: Setting CVar [[r.Upscale.Quality:3]]
[2023.01.29-22.06.31:243][  0]LogConfig: Setting CVar [[r.Tonemapper.GrainQuantization:1]]
[2023.01.29-22.06.31:243][  0]LogConfig: Setting CVar [[r.LightShaftQuality:1]]
[2023.01.29-22.06.31:243][  0]LogConfig: Setting CVar [[r.Filter.SizeScale:1]]
[2023.01.29-22.06.31:243][  0]LogConfig: Setting CVar [[r.Tonemapper.Quality:5]]
[2023.01.29-22.06.31:243][  0]LogConfig: Setting CVar [[r.DOF.Gather.AccumulatorQuality:1        ; higher gathering accumulator quality]]
[2023.01.29-22.06.31:243][  0]LogConfig: Setting CVar [[r.DOF.Gather.PostfilterMethod:1          ; Median3x3 postfilering method]]
[2023.01.29-22.06.31:243][  0]LogConfig: Setting CVar [[r.DOF.Gather.EnableBokehSettings:0       ; no bokeh simulation when gathering]]
[2023.01.29-22.06.31:243][  0]LogConfig: Setting CVar [[r.DOF.Gather.RingCount:4                 ; medium number of samples when gathering]]
[2023.01.29-22.06.31:243][  0]LogConfig: Setting CVar [[r.DOF.Scatter.ForegroundCompositing:1    ; additive foreground scattering]]
[2023.01.29-22.06.31:243][  0]LogConfig: Setting CVar [[r.DOF.Scatter.BackgroundCompositing:2    ; additive background scattering]]
[2023.01.29-22.06.31:243][  0]LogConfig: Setting CVar [[r.DOF.Scatter.EnableBokehSettings:1      ; bokeh simulation when scattering]]
[2023.01.29-22.06.31:243][  0]LogConfig: Setting CVar [[r.DOF.Scatter.MaxSpriteRatio:0.1         ; only a maximum of 10% of scattered bokeh]]
[2023.01.29-22.06.31:243][  0]LogConfig: Setting CVar [[r.DOF.Recombine.Quality:1                ; cheap slight out of focus]]
[2023.01.29-22.06.31:243][  0]LogConfig: Setting CVar [[r.DOF.Recombine.EnableBokehSettings:0    ; no bokeh simulation on slight out of focus]]
[2023.01.29-22.06.31:243][  0]LogConfig: Setting CVar [[r.DOF.TemporalAAQuality:1                ; more stable temporal accumulation]]
[2023.01.29-22.06.31:243][  0]LogConfig: Setting CVar [[r.DOF.Kernel.MaxForegroundRadius:0.025]]
[2023.01.29-22.06.31:243][  0]LogConfig: Setting CVar [[r.DOF.Kernel.MaxBackgroundRadius:0.025]]
[2023.01.29-22.06.31:243][  0]LogConfig: Applying CVar settings from Section [TextureQuality@3] File [D:/projects/TesUE4/.git/Тест. ПРоекты/Новая папка/MyProject/Saved/Config/Windows/Scalability.ini]
[2023.01.29-22.06.31:243][  0]LogConfig: Setting CVar [[r.Streaming.MipBias:0]]
[2023.01.29-22.06.31:243][  0]LogConfig: Setting CVar [[r.Streaming.AmortizeCPUToGPUCopy:0]]
[2023.01.29-22.06.31:243][  0]LogConfig: Setting CVar [[r.Streaming.MaxNumTexturesToStreamPerFrame:0]]
[2023.01.29-22.06.31:243][  0]LogConfig: Setting CVar [[r.Streaming.Boost:1]]
[2023.01.29-22.06.31:243][  0]LogConfig: Setting CVar [[r.MaxAnisotropy:8]]
[2023.01.29-22.06.31:243][  0]LogConfig: Setting CVar [[r.VT.MaxAnisotropy:8]]
[2023.01.29-22.06.31:243][  0]LogConfig: Setting CVar [[r.Streaming.LimitPoolSizeToVRAM:0]]
[2023.01.29-22.06.31:243][  0]LogConfig: Setting CVar [[r.Streaming.PoolSize:1000]]
[2023.01.29-22.06.31:243][  0]LogConfig: Setting CVar [[r.Streaming.MaxEffectiveScreenSize:0]]
[2023.01.29-22.06.31:243][  0]LogConfig: Applying CVar settings from Section [EffectsQuality@3] File [D:/projects/TesUE4/.git/Тест. ПРоекты/Новая папка/MyProject/Saved/Config/Windows/Scalability.ini]
[2023.01.29-22.06.31:243][  0]LogConfig: Setting CVar [[r.TranslucencyLightingVolumeDim:64]]
[2023.01.29-22.06.31:243][  0]LogConfig: Setting CVar [[r.RefractionQuality:2]]
[2023.01.29-22.06.31:243][  0]LogConfig: Setting CVar [[r.SSR.Quality:3]]
[2023.01.29-22.06.31:243][  0]LogConfig: Setting CVar [[r.SSR.HalfResSceneColor:0]]
[2023.01.29-22.06.31:243][  0]LogConfig: Setting CVar [[r.SceneColorFormat:4]]
[2023.01.29-22.06.31:243][  0]LogConfig: Setting CVar [[r.DetailMode:2]]
[2023.01.29-22.06.31:243][  0]LogConfig: Setting CVar [[r.TranslucencyVolumeBlur:1]]
[2023.01.29-22.06.31:243][  0]LogConfig: Setting CVar [[r.MaterialQualityLevel:1 ; High quality]]
[2023.01.29-22.06.31:243][  0]LogConfig: Setting CVar [[r.AnisotropicMaterials:1]]
[2023.01.29-22.06.31:243][  0]LogConfig: Setting CVar [[r.SSS.Scale:1]]
[2023.01.29-22.06.31:243][  0]LogConfig: Setting CVar [[r.SSS.SampleSet:2]]
[2023.01.29-22.06.31:243][  0]LogConfig: Setting CVar [[r.SSS.Quality:1]]
[2023.01.29-22.06.31:243][  0]LogConfig: Setting CVar [[r.SSS.HalfRes:0]]
[2023.01.29-22.06.31:243][  0]LogConfig: Setting CVar [[r.SSGI.Quality:3]]
[2023.01.29-22.06.31:243][  0]LogConfig: Setting CVar [[r.EmitterSpawnRateScale:1.0]]
[2023.01.29-22.06.31:244][  0]LogConfig: Setting CVar [[r.ParticleLightQuality:2]]
[2023.01.29-22.06.31:244][  0]LogConfig: Setting CVar [[r.SkyAtmosphere.AerialPerspectiveLUT.FastApplyOnOpaque:1 ; Always have FastSkyLUT 1 in this case to avoid wrong sky]]
[2023.01.29-22.06.31:244][  0]LogConfig: Setting CVar [[r.SkyAtmosphere.AerialPerspectiveLUT.SampleCountMaxPerSlice:4]]
[2023.01.29-22.06.31:244][  0]LogConfig: Setting CVar [[r.SkyAtmosphere.AerialPerspectiveLUT.DepthResolution:16.0]]
[2023.01.29-22.06.31:244][  0]LogConfig: Setting CVar [[r.SkyAtmosphere.FastSkyLUT:1]]
[2023.01.29-22.06.31:244][  0]LogConfig: Setting CVar [[r.SkyAtmosphere.FastSkyLUT.SampleCountMin:4.0]]
[2023.01.29-22.06.31:244][  0]LogConfig: Setting CVar [[r.SkyAtmosphere.FastSkyLUT.SampleCountMax:128.0]]
[2023.01.29-22.06.31:244][  0]LogConfig: Setting CVar [[r.SkyAtmosphere.SampleCountMin:4.0]]
[2023.01.29-22.06.31:244][  0]LogConfig: Setting CVar [[r.SkyAtmosphere.SampleCountMax:128.0]]
[2023.01.29-22.06.31:244][  0]LogConfig: Setting CVar [[r.SkyAtmosphere.TransmittanceLUT.UseSmallFormat:0]]
[2023.01.29-22.06.31:244][  0]LogConfig: Setting CVar [[r.SkyAtmosphere.TransmittanceLUT.SampleCount:10.0]]
[2023.01.29-22.06.31:244][  0]LogConfig: Setting CVar [[r.SkyAtmosphere.MultiScatteringLUT.SampleCount:15.0]]
[2023.01.29-22.06.31:244][  0]LogConfig: Setting CVar [[r.SkyLight.RealTimeReflectionCapture:1]]
[2023.01.29-22.06.31:244][  0]LogConfig: Applying CVar settings from Section [FoliageQuality@3] File [D:/projects/TesUE4/.git/Тест. ПРоекты/Новая папка/MyProject/Saved/Config/Windows/Scalability.ini]
[2023.01.29-22.06.31:244][  0]LogConfig: Setting CVar [[foliage.DensityScale:1.0]]
[2023.01.29-22.06.31:244][  0]LogConfig: Setting CVar [[grass.DensityScale:1.0]]
[2023.01.29-22.06.31:244][  0]LogConfig: Applying CVar settings from Section [ShadingQuality@3] File [D:/projects/TesUE4/.git/Тест. ПРоекты/Новая папка/MyProject/Saved/Config/Windows/Scalability.ini]
[2023.01.29-22.06.31:244][  0]LogConfig: Setting CVar [[r.HairStrands.SkyLighting.IntegrationType:2]]
[2023.01.29-22.06.31:244][  0]LogConfig: Setting CVar [[r.HairStrands.SkyAO.SampleCount:4]]
[2023.01.29-22.06.31:244][  0]LogConfig: Setting CVar [[r.HairStrands.Visibility.MSAA.SamplePerPixel:4]]
[2023.01.29-22.06.31:244][  0]LogInit: Selected Device Profile: [Windows]
[2023.01.29-22.06.31:244][  0]LogInit: Applying CVar settings loaded from the selected device profile: [Windows]
[2023.01.29-22.06.31:244][  0]LogHAL: Display: Platform has ~ 16 GB [17119731712 / 17179869184 / 16], which maps to Larger [LargestMinGB=32, LargerMinGB=12, DefaultMinGB=8, SmallerMinGB=6, SmallestMinGB=0)
[2023.01.29-22.06.31:244][  0]LogInit: Going up to parent DeviceProfile []
[2023.01.29-22.06.31:244][  0]LogConfig: Applying CVar settings from Section [ViewDistanceQuality@3] File [D:/projects/TesUE4/.git/Тест. ПРоекты/Новая папка/MyProject/Saved/Config/Windows/Scalability.ini]
[2023.01.29-22.06.31:244][  0]LogConfig: Setting CVar [[r.SkeletalMeshLODBias:0]]
[2023.01.29-22.06.31:244][  0]LogConfig: Setting CVar [[r.ViewDistanceScale:1.0]]
[2023.01.29-22.06.31:244][  0]LogConfig: Applying CVar settings from Section [AntiAliasingQuality@3] File [D:/projects/TesUE4/.git/Тест. ПРоекты/Новая папка/MyProject/Saved/Config/Windows/Scalability.ini]
[2023.01.29-22.06.31:244][  0]LogConfig: Setting CVar [[r.PostProcessAAQuality:4]]
[2023.01.29-22.06.31:244][  0]LogConfig: Applying CVar settings from Section [ShadowQuality@3] File [D:/projects/TesUE4/.git/Тест. ПРоекты/Новая папка/MyProject/Saved/Config/Windows/Scalability.ini]
[2023.01.29-22.06.31:244][  0]LogConfig: Setting CVar [[r.LightFunctionQuality:1]]
[2023.01.29-22.06.31:244][  0]LogConfig: Setting CVar [[r.ShadowQuality:5]]
[2023.01.29-22.06.31:244][  0]LogConfig: Setting CVar [[r.Shadow.CSM.MaxCascades:10]]
[2023.01.29-22.06.31:244][  0]LogConfig: Setting CVar [[r.Shadow.MaxResolution:2048]]
[2023.01.29-22.06.31:244][  0]LogConfig: Setting CVar [[r.Shadow.MaxCSMResolution:2048]]
[2023.01.29-22.06.31:244][  0]LogConfig: Setting CVar [[r.Shadow.RadiusThreshold:0.01]]
[2023.01.29-22.06.31:244][  0]LogConfig: Setting CVar [[r.Shadow.DistanceScale:1.0]]
[2023.01.29-22.06.31:244][  0]LogConfig: Setting CVar [[r.Shadow.CSM.TransitionScale:1.0]]
[2023.01.29-22.06.31:244][  0]LogConfig: Setting CVar [[r.Shadow.PreShadowResolutionFactor:1.0]]
[2023.01.29-22.06.31:244][  0]LogConfig: Setting CVar [[r.DistanceFieldShadowing:1]]
[2023.01.29-22.06.31:244][  0]LogConfig: Setting CVar [[r.DistanceFieldAO:1]]
[2023.01.29-22.06.31:244][  0]LogConfig: Setting CVar [[r.AOQuality:2]]
[2023.01.29-22.06.31:244][  0]LogConfig: Setting CVar [[r.VolumetricFog:1]]
[2023.01.29-22.06.31:244][  0]LogConfig: Setting CVar [[r.VolumetricFog.GridPixelSize:8]]
[2023.01.29-22.06.31:244][  0]LogConfig: Setting CVar [[r.VolumetricFog.GridSizeZ:128]]
[2023.01.29-22.06.31:244][  0]LogConfig: Setting CVar [[r.VolumetricFog.HistoryMissSupersampleCount:4]]
[2023.01.29-22.06.31:244][  0]LogConfig: Setting CVar [[r.LightMaxDrawDistanceScale:1]]
[2023.01.29-22.06.31:244][  0]LogConfig: Setting CVar [[r.CapsuleShadows:1]]
[2023.01.29-22.06.31:244][  0]LogConfig: Applying CVar settings from Section [PostProcessQuality@3] File [D:/projects/TesUE4/.git/Тест. ПРоекты/Новая папка/MyProject/Saved/Config/Windows/Scalability.ini]
[2023.01.29-22.06.31:244][  0]LogConfig: Setting CVar [[r.MotionBlurQuality:4]]
[2023.01.29-22.06.31:244][  0]LogConfig: Setting CVar [[r.AmbientOcclusionMipLevelFactor:0.4]]
[2023.01.29-22.06.31:244][  0]LogConfig: Setting CVar [[r.AmbientOcclusionMaxQuality:100]]
[2023.01.29-22.06.31:244][  0]LogConfig: Setting CVar [[r.AmbientOcclusionLevels:-1]]
[2023.01.29-22.06.31:244][  0]LogConfig: Setting CVar [[r.AmbientOcclusionRadiusScale:1.0]]
[2023.01.29-22.06.31:244][  0]LogConfig: Setting CVar [[r.DepthOfFieldQuality:2]]
[2023.01.29-22.06.31:244][  0]LogConfig: Setting CVar [[r.RenderTargetPoolMin:400]]
[2023.01.29-22.06.31:244][  0]LogConfig: Setting CVar [[r.LensFlareQuality:2]]
[2023.01.29-22.06.31:244][  0]LogConfig: Setting CVar [[r.SceneColorFringeQuality:1]]
[2023.01.29-22.06.31:244][  0]LogConfig: Setting CVar [[r.EyeAdaptationQuality:2]]
[2023.01.29-22.06.31:244][  0]LogConfig: Setting CVar [[r.BloomQuality:5]]
[2023.01.29-22.06.31:244][  0]LogConfig: Setting CVar [[r.FastBlurThreshold:100]]
[2023.01.29-22.06.31:244][  0]LogConfig: Setting CVar [[r.Upscale.Quality:3]]
[2023.01.29-22.06.31:244][  0]LogConfig: Setting CVar [[r.Tonemapper.GrainQuantization:1]]
[2023.01.29-22.06.31:244][  0]LogConfig: Setting CVar [[r.LightShaftQuality:1]]
[2023.01.29-22.06.31:244][  0]LogConfig: Setting CVar [[r.Filter.SizeScale:1]]
[2023.01.29-22.06.31:244][  0]LogConfig: Setting CVar [[r.Tonemapper.Quality:5]]
[2023.01.29-22.06.31:244][  0]LogConfig: Setting CVar [[r.DOF.Gather.AccumulatorQuality:1        ; higher gathering accumulator quality]]
[2023.01.29-22.06.31:244][  0]LogConfig: Setting CVar [[r.DOF.Gather.PostfilterMethod:1          ; Median3x3 postfilering method]]
[2023.01.29-22.06.31:244][  0]LogConfig: Setting CVar [[r.DOF.Gather.EnableBokehSettings:0       ; no bokeh simulation when gathering]]
[2023.01.29-22.06.31:244][  0]LogConfig: Setting CVar [[r.DOF.Gather.RingCount:4                 ; medium number of samples when gathering]]
[2023.01.29-22.06.31:244][  0]LogConfig: Setting CVar [[r.DOF.Scatter.ForegroundCompositing:1    ; additive foreground scattering]]
[2023.01.29-22.06.31:244][  0]LogConfig: Setting CVar [[r.DOF.Scatter.BackgroundCompositing:2    ; additive background scattering]]
[2023.01.29-22.06.31:244][  0]LogConfig: Setting CVar [[r.DOF.Scatter.EnableBokehSettings:1      ; bokeh simulation when scattering]]
[2023.01.29-22.06.31:244][  0]LogConfig: Setting CVar [[r.DOF.Scatter.MaxSpriteRatio:0.1         ; only a maximum of 10% of scattered bokeh]]
[2023.01.29-22.06.31:244][  0]LogConfig: Setting CVar [[r.DOF.Recombine.Quality:1                ; cheap slight out of focus]]
[2023.01.29-22.06.31:244][  0]LogConfig: Setting CVar [[r.DOF.Recombine.EnableBokehSettings:0    ; no bokeh simulation on slight out of focus]]
[2023.01.29-22.06.31:244][  0]LogConfig: Setting CVar [[r.DOF.TemporalAAQuality:1                ; more stable temporal accumulation]]
[2023.01.29-22.06.31:244][  0]LogConfig: Setting CVar [[r.DOF.Kernel.MaxForegroundRadius:0.025]]
[2023.01.29-22.06.31:244][  0]LogConfig: Setting CVar [[r.DOF.Kernel.MaxBackgroundRadius:0.025]]
[2023.01.29-22.06.31:244][  0]LogConfig: Applying CVar settings from Section [TextureQuality@3] File [D:/projects/TesUE4/.git/Тест. ПРоекты/Новая папка/MyProject/Saved/Config/Windows/Scalability.ini]
[2023.01.29-22.06.31:244][  0]LogConfig: Setting CVar [[r.Streaming.MipBias:0]]
[2023.01.29-22.06.31:244][  0]LogConfig: Setting CVar [[r.Streaming.AmortizeCPUToGPUCopy:0]]
[2023.01.29-22.06.31:244][  0]LogConfig: Setting CVar [[r.Streaming.MaxNumTexturesToStreamPerFrame:0]]
[2023.01.29-22.06.31:244][  0]LogConfig: Setting CVar [[r.Streaming.Boost:1]]
[2023.01.29-22.06.31:244][  0]LogConfig: Setting CVar [[r.MaxAnisotropy:8]]
[2023.01.29-22.06.31:244][  0]LogConfig: Setting CVar [[r.VT.MaxAnisotropy:8]]
[2023.01.29-22.06.31:244][  0]LogConfig: Setting CVar [[r.Streaming.LimitPoolSizeToVRAM:0]]
[2023.01.29-22.06.31:244][  0]LogConfig: Setting CVar [[r.Streaming.PoolSize:1000]]
[2023.01.29-22.06.31:244][  0]LogConfig: Setting CVar [[r.Streaming.MaxEffectiveScreenSize:0]]
[2023.01.29-22.06.31:244][  0]LogConfig: Applying CVar settings from Section [EffectsQuality@3] File [D:/projects/TesUE4/.git/Тест. ПРоекты/Новая папка/MyProject/Saved/Config/Windows/Scalability.ini]
[2023.01.29-22.06.31:245][  0]LogConfig: Setting CVar [[r.TranslucencyLightingVolumeDim:64]]
[2023.01.29-22.06.31:245][  0]LogConfig: Setting CVar [[r.RefractionQuality:2]]
[2023.01.29-22.06.31:245][  0]LogConfig: Setting CVar [[r.SSR.Quality:3]]
[2023.01.29-22.06.31:245][  0]LogConfig: Setting CVar [[r.SSR.HalfResSceneColor:0]]
[2023.01.29-22.06.31:245][  0]LogConfig: Setting CVar [[r.SceneColorFormat:4]]
[2023.01.29-22.06.31:245][  0]LogConfig: Setting CVar [[r.DetailMode:2]]
[2023.01.29-22.06.31:245][  0]LogConfig: Setting CVar [[r.TranslucencyVolumeBlur:1]]
[2023.01.29-22.06.31:245][  0]LogConfig: Setting CVar [[r.MaterialQualityLevel:1 ; High quality]]
[2023.01.29-22.06.31:245][  0]LogConfig: Setting CVar [[r.AnisotropicMaterials:1]]
[2023.01.29-22.06.31:245][  0]LogConfig: Setting CVar [[r.SSS.Scale:1]]
[2023.01.29-22.06.31:245][  0]LogConfig: Setting CVar [[r.SSS.SampleSet:2]]
[2023.01.29-22.06.31:245][  0]LogConfig: Setting CVar [[r.SSS.Quality:1]]
[2023.01.29-22.06.31:245][  0]LogConfig: Setting CVar [[r.SSS.HalfRes:0]]
[2023.01.29-22.06.31:245][  0]LogConfig: Setting CVar [[r.SSGI.Quality:3]]
[2023.01.29-22.06.31:245][  0]LogConfig: Setting CVar [[r.EmitterSpawnRateScale:1.0]]
[2023.01.29-22.06.31:245][  0]LogConfig: Setting CVar [[r.ParticleLightQuality:2]]
[2023.01.29-22.06.31:245][  0]LogConfig: Setting CVar [[r.SkyAtmosphere.AerialPerspectiveLUT.FastApplyOnOpaque:1 ; Always have FastSkyLUT 1 in this case to avoid wrong sky]]
[2023.01.29-22.06.31:245][  0]LogConfig: Setting CVar [[r.SkyAtmosphere.AerialPerspectiveLUT.SampleCountMaxPerSlice:4]]
[2023.01.29-22.06.31:245][  0]LogConfig: Setting CVar [[r.SkyAtmosphere.AerialPerspectiveLUT.DepthResolution:16.0]]
[2023.01.29-22.06.31:245][  0]LogConfig: Setting CVar [[r.SkyAtmosphere.FastSkyLUT:1]]
[2023.01.29-22.06.31:245][  0]LogConfig: Setting CVar [[r.SkyAtmosphere.FastSkyLUT.SampleCountMin:4.0]]
[2023.01.29-22.06.31:245][  0]LogConfig: Setting CVar [[r.SkyAtmosphere.FastSkyLUT.SampleCountMax:128.0]]
[2023.01.29-22.06.31:245][  0]LogConfig: Setting CVar [[r.SkyAtmosphere.SampleCountMin:4.0]]
[2023.01.29-22.06.31:245][  0]LogConfig: Setting CVar [[r.SkyAtmosphere.SampleCountMax:128.0]]
[2023.01.29-22.06.31:245][  0]LogConfig: Setting CVar [[r.SkyAtmosphere.TransmittanceLUT.UseSmallFormat:0]]
[2023.01.29-22.06.31:245][  0]LogConfig: Setting CVar [[r.SkyAtmosphere.TransmittanceLUT.SampleCount:10.0]]
[2023.01.29-22.06.31:245][  0]LogConfig: Setting CVar [[r.SkyAtmosphere.MultiScatteringLUT.SampleCount:15.0]]
[2023.01.29-22.06.31:245][  0]LogConfig: Setting CVar [[r.SkyLight.RealTimeReflectionCapture:1]]
[2023.01.29-22.06.31:245][  0]LogConfig: Applying CVar settings from Section [FoliageQuality@3] File [D:/projects/TesUE4/.git/Тест. ПРоекты/Новая папка/MyProject/Saved/Config/Windows/Scalability.ini]
[2023.01.29-22.06.31:245][  0]LogConfig: Setting CVar [[foliage.DensityScale:1.0]]
[2023.01.29-22.06.31:245][  0]LogConfig: Setting CVar [[grass.DensityScale:1.0]]
[2023.01.29-22.06.31:245][  0]LogConfig: Applying CVar settings from Section [ShadingQuality@3] File [D:/projects/TesUE4/.git/Тест. ПРоекты/Новая папка/MyProject/Saved/Config/Windows/Scalability.ini]
[2023.01.29-22.06.31:245][  0]LogConfig: Setting CVar [[r.HairStrands.SkyLighting.IntegrationType:2]]
[2023.01.29-22.06.31:245][  0]LogConfig: Setting CVar [[r.HairStrands.SkyAO.SampleCount:4]]
[2023.01.29-22.06.31:245][  0]LogConfig: Setting CVar [[r.HairStrands.Visibility.MSAA.SamplePerPixel:4]]
[2023.01.29-22.06.31:245][  0]LogConfig: Applying CVar settings from Section [Startup] File [../../../Engine/Config/ConsoleVariables.ini]
[2023.01.29-22.06.31:245][  0]LogConfig: Setting CVar [[net.UseAdaptiveNetUpdateFrequency:0]]
[2023.01.29-22.06.31:245][  0]LogConfig: Setting CVar [[p.chaos.AllowCreatePhysxBodies:1]]
[2023.01.29-22.06.31:245][  0]LogConfig: Setting CVar [[fx.SkipVectorVMBackendOptimizations:1]]
[2023.01.29-22.06.31:245][  0]LogConfig: Applying CVar settings from Section [ConsoleVariables] File [D:/projects/TesUE4/.git/Тест. ПРоекты/Новая папка/MyProject/Saved/Config/Windows/Engine.ini]
[2023.01.29-22.06.31:245][  0]LogConfig: Applying CVar settings from Section [ConsoleVariables] File [D:/projects/TesUE4/.git/Тест. ПРоекты/Новая папка/MyProject/Saved/Config/Windows/Editor.ini]
[2023.01.29-22.06.31:245][  0]LogInit: Computer: SLACKERPRINCE
[2023.01.29-22.06.31:245][  0]LogInit: User: user
[2023.01.29-22.06.31:245][  0]LogInit: CPU Page size=4096, Cores=6
[2023.01.29-22.06.31:245][  0]LogInit: High frequency timer resolution =10.000000 MHz
[2023.01.29-22.06.31:245][  0]LogMemory: Memory total: Physical=15.9GB (16GB approx)
[2023.01.29-22.06.31:245][  0]LogMemory: Platform Memory Stats for Windows
[2023.01.29-22.06.31:245][  0]LogMemory: Process Physical Memory: 140.29 MB used, 140.30 MB peak
[2023.01.29-22.06.31:245][  0]LogMemory: Process Virtual Memory: 109.93 MB used, 109.93 MB peak
[2023.01.29-22.06.31:245][  0]LogMemory: Physical Memory: 8883.89 MB used,  7442.76 MB free, 16326.65 MB total
[2023.01.29-22.06.31:245][  0]LogMemory: Virtual Memory: 134210896.00 MB used,  6831.70 MB free, 134217728.00 MB total
[2023.01.29-22.06.31:250][  0]LogWindows: WindowsPlatformFeatures enabled
[2023.01.29-22.06.31:283][  0]LogInit: Physics initialised using underlying interface: PhysX
[2023.01.29-22.06.31:283][  0]LogInit: Using OS detected language (ru-RU).
[2023.01.29-22.06.31:283][  0]LogInit: Using OS detected locale (ru-RU).
[2023.01.29-22.06.31:286][  0]LogTextLocalizationManager: No specific localization for 'ru-RU' exists, so the 'ru' localization will be used.
[2023.01.29-22.06.31:286][  0]LogTextLocalizationResource: LocRes '../../../Engine/Content/Localization/Editor/ru/Editor.locres' could not be opened for reading!
[2023.01.29-22.06.31:286][  0]LogTextLocalizationResource: LocRes '../../../Engine/Content/Localization/EditorTutorials/ru/EditorTutorials.locres' could not be opened for reading!
[2023.01.29-22.06.31:286][  0]LogTextLocalizationResource: LocRes '../../../Engine/Content/Localization/Keywords/ru/Keywords.locres' could not be opened for reading!
[2023.01.29-22.06.31:286][  0]LogTextLocalizationResource: LocRes '../../../Engine/Content/Localization/Category/ru/Category.locres' could not be opened for reading!
[2023.01.29-22.06.31:286][  0]LogTextLocalizationResource: LocRes '../../../Engine/Content/Localization/ToolTips/ru/ToolTips.locres' could not be opened for reading!
[2023.01.29-22.06.31:286][  0]LogTextLocalizationResource: LocRes '../../../Engine/Content/Localization/PropertyNames/ru/PropertyNames.locres' could not be opened for reading!
[2023.01.29-22.06.31:286][  0]LogTextLocalizationResource: LocRes '../../../Engine/Content/Localization/Engine/ru/Engine.locres' could not be opened for reading!
[2023.01.29-22.06.31:287][  0]LogInit: Setting process to per monitor DPI aware
[2023.01.29-22.06.31:299][  0]LogWindowsTextInputMethodSystem: Display: IME system deactivated.
[2023.01.29-22.06.31:311][  0]LogSlate: New Slate User Created.  User Index 0, Is Virtual User: 0
[2023.01.29-22.06.31:311][  0]LogSlate: Slate User Registered.  User Index 0, Is Virtual User: 0
[2023.01.29-22.06.31:477][  0]LogD3D11RHI: Loaded GFSDK_Aftermath_Lib.x64.dll
[2023.01.29-22.06.31:479][  0]LogHMD: Failed to initialize OpenVR with code 110
[2023.01.29-22.06.31:479][  0]LogD3D11RHI: D3D11 min allowed feature level: 11_0
[2023.01.29-22.06.31:479][  0]LogD3D11RHI: D3D11 max allowed feature level: 11_0
[2023.01.29-22.06.31:479][  0]LogD3D11RHI: D3D11 adapters:
[2023.01.29-22.06.31:577][  0]LogD3D11RHI:    0. 'NVIDIA GeForce GTX 1660 SUPER' (Feature Level 11_0)
[2023.01.29-22.06.31:577][  0]LogD3D11RHI:       5991/0/8163 MB DedicatedVideo/DedicatedSystem/SharedSystem, Outputs:1, VendorId:0x10de
[2023.01.29-22.06.31:579][  0]LogD3D11RHI:    1. 'Microsoft Basic Render Driver' (Feature Level 11_0)
[2023.01.29-22.06.31:579][  0]LogD3D11RHI:       0/0/8163 MB DedicatedVideo/DedicatedSystem/SharedSystem, Outputs:0, VendorId:0x1414
[2023.01.29-22.06.31:579][  0]LogD3D11RHI: Chosen D3D11 Adapter:
[2023.01.29-22.06.31:579][  0]LogD3D11RHI:     Description : NVIDIA GeForce GTX 1660 SUPER
[2023.01.29-22.06.31:579][  0]LogD3D11RHI:     VendorId    : 10de
[2023.01.29-22.06.31:579][  0]LogD3D11RHI:     DeviceId    : 21c4
[2023.01.29-22.06.31:579][  0]LogD3D11RHI:     SubSysId    : 40121458
[2023.01.29-22.06.31:579][  0]LogD3D11RHI:     Revision    : 00a1
[2023.01.29-22.06.31:579][  0]LogD3D11RHI:     DedicatedVideoMemory : 6282018816 bytes
[2023.01.29-22.06.31:579][  0]LogD3D11RHI:     DedicatedSystemMemory : 0 bytes
[2023.01.29-22.06.31:579][  0]LogD3D11RHI:     SharedSystemMemory : 8559865856 bytes
[2023.01.29-22.06.31:579][  0]LogD3D11RHI:     AdapterLuid : 0 56123
[2023.01.29-22.06.31:583][  0]LogD3D11RHI: Creating new Direct3DDevice
[2023.01.29-22.06.31:584][  0]LogD3D11RHI:     GPU DeviceId: 0x21c4 (for the marketing name, search the web for "GPU Device Id")
[2023.01.29-22.06.31:584][  0]LogWindows: EnumDisplayDevices:
[2023.01.29-22.06.31:584][  0]LogWindows:    0. 'NVIDIA GeForce GTX 1660 SUPER' (P:1 D:1)
[2023.01.29-22.06.31:584][  0]LogWindows:    1. 'NVIDIA GeForce GTX 1660 SUPER' (P:0 D:0)
[2023.01.29-22.06.31:584][  0]LogWindows:    2. 'NVIDIA GeForce GTX 1660 SUPER' (P:0 D:0)
[2023.01.29-22.06.31:584][  0]LogWindows:    3. 'NVIDIA GeForce GTX 1660 SUPER' (P:0 D:0)
[2023.01.29-22.06.31:584][  0]LogWindows: DebugString: FoundDriverCount:4 
[2023.01.29-22.06.31:584][  0]LogD3D11RHI:     Adapter Name: NVIDIA GeForce GTX 1660 SUPER
[2023.01.29-22.06.31:584][  0]LogD3D11RHI:   Driver Version: 516.94 (internal:31.0.15.1694, unified:516.94)
[2023.01.29-22.06.31:584][  0]LogD3D11RHI:      Driver Date: 7-21-2022
[2023.01.29-22.06.31:584][  0]LogRHI: Texture pool is 4193 MB (70% of 5991 MB)
[2023.01.29-22.06.31:584][  0]LogD3D11RHI: Creating D3DDevice using adapter:
[2023.01.29-22.06.31:584][  0]LogD3D11RHI:     Description : NVIDIA GeForce GTX 1660 SUPER
[2023.01.29-22.06.31:584][  0]LogD3D11RHI:     VendorId    : 10de
[2023.01.29-22.06.31:584][  0]LogD3D11RHI:     DeviceId    : 21c4
[2023.01.29-22.06.31:584][  0]LogD3D11RHI:     SubSysId    : 40121458
[2023.01.29-22.06.31:584][  0]LogD3D11RHI:     Revision    : 00a1
[2023.01.29-22.06.31:584][  0]LogD3D11RHI:     DedicatedVideoMemory : 6282018816 bytes
[2023.01.29-22.06.31:584][  0]LogD3D11RHI:     DedicatedSystemMemory : 0 bytes
[2023.01.29-22.06.31:584][  0]LogD3D11RHI:     SharedSystemMemory : 8559865856 bytes
[2023.01.29-22.06.31:584][  0]LogD3D11RHI:     AdapterLuid : 0 56123
[2023.01.29-22.06.31:643][  0]LogD3D11RHI: RHI has support for 64 bit atomics
[2023.01.29-22.06.31:643][  0]LogD3D11RHI: Async texture creation enabled
[2023.01.29-22.06.31:643][  0]LogD3D11RHI: Array index from any shader is supported
[2023.01.29-22.06.31:657][  0]LogD3D11RHI: GPU Timing Frequency: 1000.000000 (Debug: 2 1)
[2023.01.29-22.06.31:691][  0]LogRHI: GeForceNow SDK initialized: 1
[2023.01.29-22.06.31:980][  0]LogTargetPlatformManager: Display: Loaded TargetPlatform 'AllDesktop'
[2023.01.29-22.06.32:000][  0]LogTargetPlatformManager: Display: Loaded TargetPlatform 'Android'
[2023.01.29-22.06.32:000][  0]LogTargetPlatformManager: Display: Loaded TargetPlatform 'Android_ASTC'
[2023.01.29-22.06.32:000][  0]LogTargetPlatformManager: Display: Loaded TargetPlatform 'Android_DXT'
[2023.01.29-22.06.32:000][  0]LogTargetPlatformManager: Display: Loaded TargetPlatform 'Android_ETC2'
[2023.01.29-22.06.32:000][  0]LogTargetPlatformManager: Display: Loaded TargetPlatform 'AndroidClient'
[2023.01.29-22.06.32:000][  0]LogTargetPlatformManager: Display: Loaded TargetPlatform 'Android_ASTCClient'
[2023.01.29-22.06.32:000][  0]LogTargetPlatformManager: Display: Loaded TargetPlatform 'Android_DXTClient'
[2023.01.29-22.06.32:000][  0]LogTargetPlatformManager: Display: Loaded TargetPlatform 'Android_ETC2Client'
[2023.01.29-22.06.32:000][  0]LogTargetPlatformManager: Display: Loaded TargetPlatform 'Android_Multi'
[2023.01.29-22.06.32:000][  0]LogTargetPlatformManager: Display: Loaded TargetPlatform 'Android_MultiClient'
[2023.01.29-22.06.32:016][  0]LogTargetPlatformManager: Display: Loaded TargetPlatform 'IOSClient'
[2023.01.29-22.06.32:016][  0]LogTargetPlatformManager: Display: Loaded TargetPlatform 'IOS'
[2023.01.29-22.06.32:024][  0]LogTargetPlatformManager: Display: Loaded TargetPlatform 'Linux'
[2023.01.29-22.06.32:027][  0]LogTargetPlatformManager: Display: Loaded TargetPlatform 'LinuxNoEditor'
[2023.01.29-22.06.32:030][  0]LogTargetPlatformManager: Display: Loaded TargetPlatform 'LinuxClient'
[2023.01.29-22.06.32:034][  0]LogTargetPlatformManager: Display: Loaded TargetPlatform 'LinuxServer'
[2023.01.29-22.06.32:042][  0]LogTargetPlatformManager: Display: Loaded TargetPlatform 'LinuxAArch64NoEditor'
[2023.01.29-22.06.32:046][  0]LogTargetPlatformManager: Display: Loaded TargetPlatform 'LinuxAArch64Client'
[2023.01.29-22.06.32:050][  0]LogTargetPlatformManager: Display: Loaded TargetPlatform 'LinuxAArch64Server'
[2023.01.29-22.06.32:072][  0]LogTargetPlatformManager: Display: Loaded TargetPlatform 'Lumin'
[2023.01.29-22.06.32:072][  0]LogTargetPlatformManager: Display: Loaded TargetPlatform 'LuminClient'
[2023.01.29-22.06.32:079][  0]LogTargetPlatformManager: Display: Loaded TargetPlatform 'MacNoEditor'
[2023.01.29-22.06.32:084][  0]LogTargetPlatformManager: Display: Loaded TargetPlatform 'Mac'
[2023.01.29-22.06.32:088][  0]LogTargetPlatformManager: Display: Loaded TargetPlatform 'MacClient'
[2023.01.29-22.06.32:092][  0]LogTargetPlatformManager: Display: Loaded TargetPlatform 'MacServer'
[2023.01.29-22.06.32:101][  0]LogTargetPlatformManager: Display: Loaded TargetPlatform 'TVOSClient'
[2023.01.29-22.06.32:101][  0]LogTargetPlatformManager: Display: Loaded TargetPlatform 'TVOS'
[2023.01.29-22.06.32:109][  0]LogTargetPlatformManager: Display: Loaded TargetPlatform 'WindowsNoEditor'
[2023.01.29-22.06.32:113][  0]LogTargetPlatformManager: Display: Loaded TargetPlatform 'Windows'
[2023.01.29-22.06.32:117][  0]LogTargetPlatformManager: Display: Loaded TargetPlatform 'WindowsClient'
[2023.01.29-22.06.32:120][  0]LogTargetPlatformManager: Display: Loaded TargetPlatform 'WindowsServer'
[2023.01.29-22.06.32:120][  0]LogTargetPlatformManager: Display: Building Assets For Windows
[2023.01.29-22.06.32:127][  0]LogAudioDebug: Display: Lib vorbis DLL was dynamically loaded.
[2023.01.29-22.06.32:151][  0]LogTextureFormatOodle: Display: Oodle Texture 2.9.0 init RDO Off
[2023.01.29-22.06.32:179][  0]LogRendererCore: Ray tracing is disabled. Reason: r.RayTracing=0.
[2023.01.29-22.06.32:179][  0]LogShaderCompilers: Guid format shader working directory is -30 characters bigger than the processId version (../../../../../../projects/TesUE4/.git/Тест. ПРоекты/Новая папка/MyProject/Intermediate/Shaders/WorkingDirectory/14548/).
[2023.01.29-22.06.32:179][  0]LogShaderCompilers: Cleaned the shader compiler working directory 'C:/Users/user/AppData/Local/Temp/UnrealShaderWorkingDir/7625B88C4F7B91E1903326BD1EDAF5BC/'.
[2023.01.29-22.06.32:179][  0]LogXGEController: Cannot use XGE Controller as Incredibuild is not installed on this machine.
[2023.01.29-22.06.32:179][  0]LogShaderCompilers: Cannot use XGE Shader Compiler as Incredibuild is not installed on this machine.
[2023.01.29-22.06.32:179][  0]LogShaderCompilers: Display: Using Local Shader Compiler.
[2023.01.29-22.06.32:879][  0]LogDerivedDataCache: Display: Max Cache Size: 512 MB
[2023.01.29-22.06.32:932][  0]LogDerivedDataCache: Loaded boot cache 0.05s 94MB C:/Users/user/AppData/Local/UnrealEngine/4.27/DerivedDataCache/Boot.ddc.
[2023.01.29-22.06.32:932][  0]LogDerivedDataCache: Display: Loaded Boot cache: C:/Users/user/AppData/Local/UnrealEngine/4.27/DerivedDataCache/Boot.ddc
[2023.01.29-22.06.32:932][  0]LogDerivedDataCache: FDerivedDataBackendGraph:  Pak pak cache file ../../../../../../projects/TesUE4/.git/Тест. ПРоекты/Новая папка/MyProject/DerivedDataCache/DDC.ddp not found, will not use a pak cache.
[2023.01.29-22.06.32:932][  0]LogDerivedDataCache: Unable to find inner node Pak for hierarchical cache Hierarchy.
[2023.01.29-22.06.32:932][  0]LogDerivedDataCache: FDerivedDataBackendGraph:  CompressedPak pak cache file ../../../../../../projects/TesUE4/.git/Тест. ПРоекты/Новая папка/MyProject/DerivedDataCache/Compressed.ddp not found, will not use a pak cache.
[2023.01.29-22.06.32:932][  0]LogDerivedDataCache: Unable to find inner node CompressedPak for hierarchical cache Hierarchy.
[2023.01.29-22.06.32:947][  0]LogDerivedDataCache: Display: Pak cache opened for reading ../../../Engine/DerivedDataCache/Compressed.ddp.
[2023.01.29-22.06.32:948][  0]LogDerivedDataCache: FDerivedDataBackendGraph:  EnterprisePak pak cache file ../../../Enterprise/DerivedDataCache/Compressed.ddp not found, will not use a pak cache.
[2023.01.29-22.06.32:948][  0]LogDerivedDataCache: Unable to find inner node EnterprisePak for hierarchical cache Hierarchy.
[2023.01.29-22.06.32:952][  0]LogDerivedDataCache: Speed tests for C:/Users/user/AppData/Local/UnrealEngine/Common/DerivedDataCache took 0.00 seconds
[2023.01.29-22.06.32:952][  0]LogDerivedDataCache: Display: Performance to C:/Users/user/AppData/Local/UnrealEngine/Common/DerivedDataCache: Latency=0.02ms. RandomReadSpeed=1184.16MBs, RandomWriteSpeed=275.96MBs. Assigned SpeedClass 'Local'
[2023.01.29-22.06.32:953][  0]LogDerivedDataCache: Using Local data cache path C:/Users/user/AppData/Local/UnrealEngine/Common/DerivedDataCache: Writable
[2023.01.29-22.06.32:953][  0]LogDerivedDataCache: Shared data cache path not found in *engine.ini, will not use an Shared cache.
[2023.01.29-22.06.32:953][  0]LogDerivedDataCache: Unable to find inner node Shared for hierarchical cache Hierarchy.
[2023.01.29-22.06.32:995][  0]LogSlate: Using FreeType 2.10.0
[2023.01.29-22.06.32:995][  0]LogSlate: SlateFontServices - WITH_FREETYPE: 1, WITH_HARFBUZZ: 1
[2023.01.29-22.06.33:019][  0]LogAssetRegistry: FAssetRegistry took 0.0021 seconds to start up
[2023.01.29-22.06.33:212][  0]LogInit: Selected Device Profile: [Windows]
[2023.01.29-22.06.33:212][  0]LogInit: Active device profile: [000001EE10C04F00][000001EE0F399840 49] Windows
[2023.01.29-22.06.33:212][  0]LogInit: Profiles: [000001EE10C04F00][000001EE0F399840 49] Windows, [000001EE10BC6400][000001EE116B59C0 49] WindowsNoEditor, [000001EE10C05F00][000001EE116B9B40 49] WindowsServer, [000001EE10BC5600][000001EE116BC140 49] WindowsClient, [000001EE10C05000][000001EE116C02C0 49] IOS, [000001EE10BC7A00][000001EE116C4440 49] iPadAir, [000001EE10C07300][000001EE116C85C0 49] iPadAir2, [000001EE10B65300][000001EE116D0880 49] IPadPro, [000001EE10B65400][000001EE116CC8C0 49] iPadAir3, [000001EE10BC4B00][000001EE0F39CA00 49] iPadAir4, [000001EE10B66100][000001EE116D4B40 49] iPadMini2, [000001EE10BC7400][000001EE116D8C80 49] iPadMini3, [000001EE10B66C00][000001EE116DCDC0 49] iPadMini4, [000001EE10BC6700][000001EE116E4F40 49] iPadMini5, [000001EE10B98E00][000001EE116ED200 49] iPhone6, [000001EE10B98F00][000001EE116E9240 49] iPodTouch6, [000001EE10C06800][000001EE116F5500 49] iPhone7, [000001EE10C06900][000001EE116F1540 49] iPodTouch7, [000001EE10B64C00][000001EE116F96C0 49] iPhone5S, [000001EE10C05300][000001EE116FD840 49] iPhone6Plus, [000001EE10C07A00][000001EE117019C0 49] iPhone6S, [000001EE10B99300][000001EE11705B40 49] iPhone6SPlus, [000001EE10C04B00][000001EE03CBC140 49] iPhone7Plus, [000001EE10B99600][000001EE03CC02C0 49] iPhoneSE, [000001EE10C04A00][000001EE03CC4440 49] iPhone8, [000001EE10B99200][000001EE03CC85C0 49] iPhone8Plus, [000001EE10B66B00][000001EE03CCC740 49] iPhoneX, [000001EE10B98C00][000001EE03CD08C0 49] iPhoneXS, [000001EE10B67A00][000001EE03CD4A40 49] iPhoneXSMax, [000001EE10B9B800][000001EE116E0B80 49] iPhoneXR, [000001EE10B64D00][000001EE11708CC0 49] iPhone11, [000001EE10B9A600][000001EE1170CE00 49] iPhone11Pro, [000001EE10B66900][000001EE11710F40 49] iPhone11ProMax, [000001EE10B98200][000001EE117190C0 49] iPhoneSE2, [000001EE10B64B00][000001EE1171D240 49] iPhone12Mini, [000001EE10B9AA00][000001EE117213C0 49] iPhone12, [000001EE10B66E00][000001EE11725540 49] iPhone12Pro, [000001EE10B98A00][000001EE117296C0 49] iPhone12ProMax, [000001EE10B67200][000001EE1172D840 49] iPadPro105, [000001EE10B9B600][000001EE117319C0 49] iPadPro129, [000001EE10B66000][000001EE11735B40 49] iPadPro97, [000001EE10B9A000][000001EE11738140 49] iPadPro2_129, [000001EE10B66400][000001EE1173C2C0 49] iPad5, [000001EE10B99400][000001EE11740440 49] iPad6, [000001EE10B65000][000001EE117445C0 49] iPad7, [000001EE10B99700][000001EE11748740 49] iPad8, [000001EE10B67C00][000001EE1174C8C0 49] iPadPro11, [000001EE10B99800][000001EE11750A40 49] iPadPro2_11, [000001EE10B64600][000001EE11754BC0 49] iPadPro3_129, [000001EE10B98D00][000001EE11758D40 49] iPadPro4_129, [000001EE10B67100][000001EE11714E80 49] AppleTV, [000001EE10B98800][000001EE1175CFC0 49] AppleTV4K, [000001EE10B64500][000001EE11761100 49] TVOS, [000001EE10B98500][000001EE11769280 49] Mac, [000001EE10B64700][000001EE1176D400 49] MacClient, [000001EE10B99500][000001EE11771580 49] MacNoEditor, [000001EE10B65500][000001EE11775700 49] MacServer, [000001EE10B9AE00][000001EE11779880 49] Linux, [000001EE10B64400][000001EE1177DA00 49] LinuxAArch64, [000001EE10B99E00][000001EE11781B80 49] LinuxNoEditor, [000001EE10B65C00][000001EE11784180 49] LinuxAArch64NoEditor, [000001EE10B9A900][000001EE11788300 49] LinuxClient, [000001EE10B66D00][000001EE1178C480 49] LinuxAArch64Client, [000001EE10B98100][000001EE11790600 49] LinuxServer, [000001EE10B65E00][000001EE11794780 49] LinuxAArch64Server, [000001EE10B98B00][000001EE11798900 49] Android, [000001EE10B65A00][000001EE1179CA80 49] Android_Low, [000001EE10B9AF00][000001EE117A0C00 49] Android_Mid, [000001EE10B65100][000001EE117A4D80 49] Android_High, [000001EE10B9B000][000001EE117A8F00 49] Android_Default, [000001EE10B65700][000001EE11765040 49] Android_Adreno4xx, [000001EE10B99900][000001EE117AD180 49] Android_Adreno5xx_Low, [000001EE10B64A00][000001EE013F72C0 49] Android_Adreno5xx, [000001EE10B9B400][000001EE013FF440 49] Android_Adreno6xx, [000001EE10B64E00][000001EE014035C0 49] Android_Adreno6xx_Vulkan, [000001EE10B9B100][000001EE01407740 49] Android_Mali_T6xx, [000001EE10C05E00][000001EE0140B8C0 49] Android_Mali_T7xx, [000001EE10BC4800][000001EE0140FA40 49] Android_Mali_T8xx, [000001EE10C05200][000001EE01413BC0 49] Android_Mali_G71, [000001EE10BC4E00][000001EE014161C0 49] Android_Mali_G72, [000001EE10C05100][000001EE0141A340 49] Android_Mali_G72_Vulkan, [000001EE10BC6500][000001EE0141E4C0 49] Android_Mali_G76, [000001EE10C05500][000001EE11950640 49] Android_Mali_G76_Vulkan, [000001EE10BC6000][000001EE119547C0 49] Android_Mali_G77, [000001EE10C07F00][000001EE11958940 49] Android_Mali_G77_Vulkan, [000001EE10BC5D00][000001EE1195CAC0 49] Android_Mali_G78, [000001EE10C04300][000001EE11960C40 49] Android_Mali_G78_Vulkan, [000001EE10BC4400][000001EE11964DC0 49] Android_Mali_G710, [000001EE10C07700][000001EE11968F40 49] Android_Mali_G710_Vulkan, [000001EE10BC7100][000001EE1196D0C0 49] Android_Vulkan_SM5, [000001EE10C04800][000001EE013FB200 49] Android_PowerVR_G6xxx, [000001EE10BC4A00][000001EE11971340 49] Android_PowerVR_GT7xxx, [000001EE10C04D00][000001EE11975480 49] Android_PowerVR_GE8xxx, [000001EE10BC7B00][000001EE119795C0 49] Android_PowerVR_GM9xxx, [000001EE10C04600][000001EE11981740 49] Android_PowerVR_GM9xxx_Vulkan, [000001EE10BC5200][000001EE119858C0 49] Android_TegraK1, [000001EE10C06B00][000001EE11989A40 49] Android_Unknown_Vulkan, [000001EE10BC7000][000001EE1198DBC0 49] Lumin, [000001EE10C06000][000001EE119901C0 49] Lumin_Desktop, [000001EE10BC6E00][000001EE11994340 49] HoloLens, 
[2023.01.29-22.06.33:542][  0]LogMeshReduction: Using QuadricMeshReduction for automatic static mesh reduction
[2023.01.29-22.06.33:542][  0]LogMeshReduction: Using SimplygonMeshReduction for automatic skeletal mesh reduction
[2023.01.29-22.06.33:542][  0]LogMeshReduction: Using ProxyLODMeshReduction for automatic mesh merging
[2023.01.29-22.06.33:542][  0]LogMeshReduction: No distributed automatic mesh merging module available
[2023.01.29-22.06.33:542][  0]LogMeshMerging: No distributed automatic mesh merging module available
[2023.01.29-22.06.33:558][  0]LogNetVersion: MyProject 1.0.0, NetCL: 17155196, EngineNetVer: 17, GameNetVer: 0 (Checksum: 3629800737)
[2023.01.29-22.06.33:913][  0]LogTexture: Default maximum texture size for cubemaps generated from long-lat sources has been changed from 512 to unlimited. In order to preserve old behaiour for '/Engine/MapTemplates/Sky/DaylightAmbientCubemap.DaylightAmbientCubemap', its maximum texture size has been explicitly set to 512.
[2023.01.29-22.06.33:964][  0]LogHMD: PokeAHoleMaterial loaded successfully
[2023.01.29-22.06.33:970][  0]LogUObjectArray: 17178 objects as part of root set at end of initial load.
[2023.01.29-22.06.33:970][  0]LogUObjectAllocator: 4302048 out of 0 bytes used by permanent object pool.
[2023.01.29-22.06.33:970][  0]LogUObjectArray: CloseDisregardForGC: 0/0 objects in disregard for GC pool
[2023.01.29-22.06.34:310][  0]LogPython: Using Python 3.7.7
[2023.01.29-22.06.34:820][  0]LogNiagaraDebuggerClient: Niagara Debugger Client Initialized | Session: BD8E7882409BE9749B486C95AC6C6A08 | Instance: B900664046919176318FFBBB6EE93068 (SLACKERPRINCE-14548).
[2023.01.29-22.06.34:956][  0]LogTcpMessaging: Initializing TcpMessaging bridge
[2023.01.29-22.06.35:233][  0]LogUdpMessaging: Initializing bridge on interface 0.0.0.0:0 to multicast group 230.0.0.1:6666.
[2023.01.29-22.06.35:424][  0]SourceControl: Source control is disabled
[2023.01.29-22.06.35:424][  0]SourceControl: Source control is disabled
[2023.01.29-22.06.35:426][  0]SourceControl: Source control is disabled
[2023.01.29-22.06.35:429][  0]SourceControl: Source control is disabled
[2023.01.29-22.06.35:435][  0]SourceControl: Source control is disabled
[2023.01.29-22.06.35:440][  0]LogUProjectInfo: Found projects:
[2023.01.29-22.06.35:563][  0]LogOpenImageDenoise: OIDN starting up
[2023.01.29-22.06.35:605][  0]LogAndroidPermission: UAndroidPermissionCallbackProxy::GetInstance
[2023.01.29-22.06.35:626][  0]LogAudioCaptureCore: Display: No Audio Capture implementations found. Audio input will be silent.
[2023.01.29-22.06.35:626][  0]LogAudioCaptureCore: Display: No Audio Capture implementations found. Audio input will be silent.
[2023.01.29-22.06.35:734][  0]LogCollectionManager: Loaded 0 collections in 0.000585 seconds
[2023.01.29-22.06.35:780][  0]LogFileCache: Scanning file cache for directory 'D:/projects/TesUE4/.git/Тест. ПРоекты/Новая папка/MyProject/Saved/Collections/' took 0.00s
[2023.01.29-22.06.35:780][  0]LogFileCache: Scanning file cache for directory 'D:/projects/TesUE4/.git/Тест. ПРоекты/Новая папка/MyProject/Content/Developers/user/Collections/' took 0.00s
[2023.01.29-22.06.35:780][  0]LogFileCache: Scanning file cache for directory 'D:/projects/TesUE4/.git/Тест. ПРоекты/Новая папка/MyProject/Content/Collections/' took 0.00s
[2023.01.29-22.06.35:780][  0]LogOcInput: OculusInput pre-init called
[2023.01.29-22.06.36:013][  0]LogEngine: Initializing Engine...
[2023.01.29-22.06.36:453][  0]LogHMD: Failed to enumerate extensions. Please check that you have a valid OpenXR runtime installed.
[2023.01.29-22.06.36:453][  0]LogHMD: Failed to initialize OpenVR with code 110
[2023.01.29-22.06.36:453][  0]LogMagicLeap: Warning: VR disabled because ZI is not enabled.  To enable, in the editor, Edit -> Project Settings -> Plugins -> Magic Leap Plugin -> Enable Zero Iteration
[2023.01.29-22.06.36:454][  0]LogStats: UGameplayTagsManager::InitializeManager -  0.000 s
[2023.01.29-22.06.36:581][  0]LogInit: Initializing FReadOnlyCVARCache
[2023.01.29-22.06.36:587][  0]LogAIModule: Creating AISystem for world Untitled
[2023.01.29-22.06.36:588][  0]LogAudio: Display: Initializing Audio Device Manager...
[2023.01.29-22.06.36:590][  0]LogAudio: Display: Loading Default Audio Settings Objects...
[2023.01.29-22.06.36:591][  0]LogAudio: Display: No default SoundConcurrencyObject specified (or failed to load).
[2023.01.29-22.06.36:591][  0]LogAudio: Display: Audio Device Manager Initialized
[2023.01.29-22.06.36:591][  0]LogAudio: Display: Creating Audio Device:                 Id: 1, Scope: Shared, Realtime: True
[2023.01.29-22.06.36:592][  0]LogAudioMixer: Display: Audio Mixer Platform Settings:
[2023.01.29-22.06.36:592][  0]LogAudioMixer: Display: 	Sample Rate:						  48000
[2023.01.29-22.06.36:592][  0]LogAudioMixer: Display: 	Callback Buffer Frame Size Requested: 1024
[2023.01.29-22.06.36:592][  0]LogAudioMixer: Display: 	Callback Buffer Frame Size To Use:	  1024
[2023.01.29-22.06.36:592][  0]LogAudioMixer: Display: 	Number of buffers to queue:			  2
[2023.01.29-22.06.36:592][  0]LogAudioMixer: Display: 	Max Channels (voices):				  32
[2023.01.29-22.06.36:592][  0]LogAudioMixer: Display: 	Number of Async Source Workers:		  0
[2023.01.29-22.06.36:592][  0]LogAudio: Display: AudioDevice MaxSources: 32
[2023.01.29-22.06.36:592][  0]LogAudio: Display: Audio Spatialization Plugin: None (built-in).
[2023.01.29-22.06.36:592][  0]LogAudio: Display: Audio Reverb Plugin: None (built-in).
[2023.01.29-22.06.36:592][  0]LogAudio: Display: Audio Occlusion Plugin: None (built-in).
[2023.01.29-22.06.36:592][  0]LogAudioMixer: Display: Initializing audio mixer.
[2023.01.29-22.06.36:603][  0]LogAudioMixer: Display: 0: FrontLeft
[2023.01.29-22.06.36:603][  0]LogAudioMixer: Display: 1: FrontRight
[2023.01.29-22.06.36:618][  0]LogAudioMixer: Display: Using Audio Device Динамики (USB Audio Device)
[2023.01.29-22.06.36:623][  0]LogAudioMixer: Display: Initializing Sound Submixes...
[2023.01.29-22.06.36:626][  0]LogAudioMixer: Display: Creating Master Submix 'MasterSubmixDefault'
[2023.01.29-22.06.36:626][  0]LogAudioMixer: Display: Creating Master Submix 'MasterReverbSubmixDefault'
[2023.01.29-22.06.36:627][  0]LogAudioMixer: Display: Creating Master Submix 'MasterEQSubmixDefault'
[2023.01.29-22.06.36:627][  0]LogAudioMixer: FMixerPlatformXAudio2::StartAudioStream() called
[2023.01.29-22.06.36:627][  0]LogAudioMixer: Display: Output buffers initialized: Frames=1024, Channels=2, Samples=2048
[2023.01.29-22.06.36:628][  0]LogAudioMixer: Display: Starting AudioMixerPlatformInterface::RunInternal()
[2023.01.29-22.06.36:628][  0]LogAudioMixer: Display: FMixerPlatformXAudio2::SubmitBuffer() called for the first time
[2023.01.29-22.06.36:628][  0]LogInit: FAudioDevice initialized.
[2023.01.29-22.06.36:628][  0]LogAudio: Display: Audio Device (ID: 1) registered with world 'Untitled'.
[2023.01.29-22.06.36:628][  0]LogNetVersion: Set ProjectVersion to 1.0.0.0. Version Checksum will be recalculated on next use.
[2023.01.29-22.06.36:744][  0]LogDerivedDataCache: Saved boot cache 0.12s 94MB C:/Users/user/AppData/Local/UnrealEngine/4.27/DerivedDataCache/Boot.ddc.
[2023.01.29-22.06.36:745][  0]LogInit: Texture streaming: Enabled
[2023.01.29-22.06.36:762][  0]LogAnalytics: Display: [UEEditor.Rocket.Release] APIServer = https://datarouter.ol.epicgames.com/. AppVersion = 4.27.2-18319896+++UE4+Release-4.27
[2023.01.29-22.06.36:766][  0]LogEngineSessionManager: EngineSessionManager initialized
[2023.01.29-22.06.36:766][  0]LogEditorSessionSummary: Verbose: Initializing EditorSessionSummaryWriter for editor session tracking
[2023.01.29-22.06.36:834][  0]LogEditorSessionSummary: EditorSessionSummaryWriter initialized
[2023.01.29-22.06.36:846][  0]LogInit: Transaction tracking system initialized
[2023.01.29-22.06.36:864][  0]BlueprintLog: New page: Editor Load
[2023.01.29-22.06.37:591][  0]LocalizationService: Localization service is disabled
[2023.01.29-22.06.37:614][  0]TimingProfiler: Initialize
[2023.01.29-22.06.37:614][  0]TimingProfiler: OnSessionChanged
[2023.01.29-22.06.37:614][  0]LoadingProfiler: Initialize
[2023.01.29-22.06.37:614][  0]LoadingProfiler: OnSessionChanged
[2023.01.29-22.06.37:614][  0]NetworkingProfiler: Initialize
[2023.01.29-22.06.37:614][  0]NetworkingProfiler: OnSessionChanged
[2023.01.29-22.06.37:614][  0]MemoryProfiler: Initialize
[2023.01.29-22.06.37:614][  0]MemoryProfiler: OnSessionChanged
[2023.01.29-22.06.38:168][  0]LogCook: Display: CookSettings for Memory: MemoryMaxUsedVirtual 0MiB, MemoryMaxUsedPhysical 16384MiB, MemoryMinFreeVirtual 0MiB, MemoryMinFreePhysical 1024MiB
[2023.01.29-22.06.38:168][  0]LogCook: Display: Mobile HDR setting 0
[2023.01.29-22.06.38:340][  0]LogFileCache: Scanning file cache for directory 'D:/projects/TesUE4/.git/Тест. ПРоекты/Новая папка/MyProject/Content/' took 0.01s
[2023.01.29-22.06.38:513][  0]LogInit: Display: Engine is initialized. Leaving FEngineLoop::Init()
[2023.01.29-22.06.38:516][  0]SourceControl: Source control is disabled
[2023.01.29-22.06.38:517][  0]LogUnrealEdMisc: Loading editor; pre map load, took 8.402
[2023.01.29-22.06.38:517][  0]Cmd: MAP LOAD FILE="../../../../../../projects/TesUE4/.git/Тест. ПРоекты/Новая папка/MyProject/Content/2DSideScrollerBP/Maps/2DSideScrollerExampleMap.umap" TEMPLATE=0 SHOWPROGRESS=1 FEATURELEVEL=3
[2023.01.29-22.06.38:518][  0]LightingResults: New page: Lighting Build
[2023.01.29-22.06.38:520][  0]LogWorld: UWorld::CleanupWorld for Untitled, bSessionEnded=true, bCleanupResources=true
[2023.01.29-22.06.38:520][  0]LogSlate: InvalidateAllWidgets triggered.  All widgets were invalidated
[2023.01.29-22.06.38:520][  0]MapCheck: New page: Map Check
[2023.01.29-22.06.38:520][  0]LightingResults: New page: Lighting Build
[2023.01.29-22.06.38:976][  0]LogAudio: Display: Audio Device unregistered from world 'None'.
[2023.01.29-22.06.38:979][  0]LogUObjectHash: Compacting FUObjectHashTables data took   0.69ms
[2023.01.29-22.06.42:040][  0]LogAudio: Display: Audio Device (ID: 1) registered with world '2DSideScrollerExampleMap'.
[2023.01.29-22.06.42:041][  0]LogAIModule: Creating AISystem for world 2DSideScrollerExampleMap
[2023.01.29-22.06.42:934][  0]LogEditorServer: Finished looking for orphan Actors (0.000 secs)
[2023.01.29-22.06.43:668][  0]LogUObjectHash: Compacting FUObjectHashTables data took   0.74ms
[2023.01.29-22.06.43:669][  0]Cmd: MAP CHECKDEP NOCLEARLOG
[2023.01.29-22.06.43:669][  0]MapCheck: Map check complete: 0 Error(s), 0 Warning(s), took 0,087ms to complete.
[2023.01.29-22.06.43:669][  0]LogFileHelpers: Loading map '2DSideScrollerExampleMap' took 5.153
[2023.01.29-22.06.43:671][  0]LogUnrealEdMisc: Total Editor Startup Time, took 13.557
[2023.01.29-22.06.47:833][  0]LogSlate: Updating window title bar state: overlay mode, drag disabled, window buttons hidden, title bar hidden
[2023.01.29-22.06.48:065][  0]LogSlate: Updating window title bar state: overlay mode, drag disabled, window buttons hidden, title bar hidden
[2023.01.29-22.06.48:072][  0]LogSlate: Updating window title bar state: overlay mode, drag disabled, window buttons hidden, title bar hidden
[2023.01.29-22.06.48:078][  0]LogSlate: Updating window title bar state: overlay mode, drag disabled, window buttons hidden, title bar hidden
[2023.01.29-22.06.48:836][  0]LogNativeClassHierarchy: Verbose: Native class hierarchy populated in 0.0086 seconds. Added 3822 classes and 928 folders.
[2023.01.29-22.06.49:056][  0]LogNativeClassHierarchy: Verbose: Native class hierarchy updated for 'WidgetCarousel' in 0.0002 seconds. Added 0 classes and 0 folders.
[2023.01.29-22.06.49:058][  0]LogPakFile: PakFile PrimaryIndexSize=187
[2023.01.29-22.06.49:058][  0]LogPakFile: PakFile PathHashIndexSize=101
[2023.01.29-22.06.49:058][  0]LogPakFile: PakFile FullDirectoryIndexSize=148
[2023.01.29-22.06.49:058][  0]LogShaderLibrary: Display: ShaderCodeLibraryPakFileMountedCallback: PakFile 'D:/Epic Games/Unreal Engine 4/UE_4.27/FeaturePacks/FP_FirstPerson.upack' (chunk index -1, root 'root:/') mounted
[2023.01.29-22.06.49:058][  0]LogShaderLibrary: Display: ShaderCodeLibraryPakFileMountedCallback: pending pak file info (ChunkID:-1 Root:root:/ File:D:/Epic Games/Unreal Engine 4/UE_4.27/FeaturePacks/FP_FirstPerson.upack)
[2023.01.29-22.06.49:058][  0]LogPakFile: OnPakFileMounted2Time == 0.000047
[2023.01.29-22.06.49:059][  0]LogPakFile: PakFile PrimaryIndexSize=189
[2023.01.29-22.06.49:059][  0]LogPakFile: PakFile PathHashIndexSize=101
[2023.01.29-22.06.49:059][  0]LogPakFile: PakFile FullDirectoryIndexSize=152
[2023.01.29-22.06.49:059][  0]LogShaderLibrary: Display: ShaderCodeLibraryPakFileMountedCallback: PakFile 'D:/Epic Games/Unreal Engine 4/UE_4.27/FeaturePacks/FP_FirstPersonBP.upack' (chunk index -1, root 'root:/') mounted
[2023.01.29-22.06.49:059][  0]LogShaderLibrary: Display: ShaderCodeLibraryPakFileMountedCallback: pending pak file info (ChunkID:-1 Root:root:/ File:D:/Epic Games/Unreal Engine 4/UE_4.27/FeaturePacks/FP_FirstPersonBP.upack)
[2023.01.29-22.06.49:059][  0]LogPakFile: OnPakFileMounted2Time == 0.000036
[2023.01.29-22.06.49:060][  0]LogPakFile: PakFile PrimaryIndexSize=191
[2023.01.29-22.06.49:060][  0]LogPakFile: PakFile PathHashIndexSize=101
[2023.01.29-22.06.49:060][  0]LogPakFile: PakFile FullDirectoryIndexSize=160
[2023.01.29-22.06.49:060][  0]LogShaderLibrary: Display: ShaderCodeLibraryPakFileMountedCallback: PakFile 'D:/Epic Games/Unreal Engine 4/UE_4.27/FeaturePacks/MobileStarterContent.upack' (chunk index -1, root 'root:/') mounted
[2023.01.29-22.06.49:060][  0]LogShaderLibrary: Display: ShaderCodeLibraryPakFileMountedCallback: pending pak file info (ChunkID:-1 Root:root:/ File:D:/Epic Games/Unreal Engine 4/UE_4.27/FeaturePacks/MobileStarterContent.upack)
[2023.01.29-22.06.49:060][  0]LogPakFile: OnPakFileMounted2Time == 0.000031
[2023.01.29-22.06.49:060][  0]LogPakFile: PakFile PrimaryIndexSize=185
[2023.01.29-22.06.49:060][  0]LogPakFile: PakFile PathHashIndexSize=101
[2023.01.29-22.06.49:060][  0]LogPakFile: PakFile FullDirectoryIndexSize=148
[2023.01.29-22.06.49:060][  0]LogShaderLibrary: Display: ShaderCodeLibraryPakFileMountedCallback: PakFile 'D:/Epic Games/Unreal Engine 4/UE_4.27/FeaturePacks/StarterContent.upack' (chunk index -1, root 'root:/') mounted
[2023.01.29-22.06.49:060][  0]LogShaderLibrary: Display: ShaderCodeLibraryPakFileMountedCallback: pending pak file info (ChunkID:-1 Root:root:/ File:D:/Epic Games/Unreal Engine 4/UE_4.27/FeaturePacks/StarterContent.upack)
[2023.01.29-22.06.49:060][  0]LogPakFile: OnPakFileMounted2Time == 0.000033
[2023.01.29-22.06.49:061][  0]LogPakFile: PakFile PrimaryIndexSize=190
[2023.01.29-22.06.49:061][  0]LogPakFile: PakFile PathHashIndexSize=101
[2023.01.29-22.06.49:061][  0]LogPakFile: PakFile FullDirectoryIndexSize=154
[2023.01.29-22.06.49:061][  0]LogShaderLibrary: Display: ShaderCodeLibraryPakFileMountedCallback: PakFile 'D:/Epic Games/Unreal Engine 4/UE_4.27/FeaturePacks/TP_2DSideScroller.upack' (chunk index -1, root 'root:/') mounted
[2023.01.29-22.06.49:061][  0]LogShaderLibrary: Display: ShaderCodeLibraryPakFileMountedCallback: pending pak file info (ChunkID:-1 Root:root:/ File:D:/Epic Games/Unreal Engine 4/UE_4.27/FeaturePacks/TP_2DSideScroller.upack)
[2023.01.29-22.06.49:061][  0]LogPakFile: OnPakFileMounted2Time == 0.000033
[2023.01.29-22.06.49:062][  0]LogPakFile: PakFile PrimaryIndexSize=192
[2023.01.29-22.06.49:062][  0]LogPakFile: PakFile PathHashIndexSize=101
[2023.01.29-22.06.49:062][  0]LogPakFile: PakFile FullDirectoryIndexSize=158
[2023.01.29-22.06.49:062][  0]LogShaderLibrary: Display: ShaderCodeLibraryPakFileMountedCallback: PakFile 'D:/Epic Games/Unreal Engine 4/UE_4.27/FeaturePacks/TP_2DSideScrollerBP.upack' (chunk index -1, root 'root:/') mounted
[2023.01.29-22.06.49:062][  0]LogShaderLibrary: Display: ShaderCodeLibraryPakFileMountedCallback: pending pak file info (ChunkID:-1 Root:root:/ File:D:/Epic Games/Unreal Engine 4/UE_4.27/FeaturePacks/TP_2DSideScrollerBP.upack)
[2023.01.29-22.06.49:062][  0]LogPakFile: OnPakFileMounted2Time == 0.000030
[2023.01.29-22.06.49:063][  0]LogPakFile: PakFile PrimaryIndexSize=182
[2023.01.29-22.06.49:063][  0]LogPakFile: PakFile PathHashIndexSize=101
[2023.01.29-22.06.49:063][  0]LogPakFile: PakFile FullDirectoryIndexSize=138
[2023.01.29-22.06.49:063][  0]LogShaderLibrary: Display: ShaderCodeLibraryPakFileMountedCallback: PakFile 'D:/Epic Games/Unreal Engine 4/UE_4.27/FeaturePacks/TP_Flying.upack' (chunk index -1, root 'root:/') mounted
[2023.01.29-22.06.49:063][  0]LogShaderLibrary: Display: ShaderCodeLibraryPakFileMountedCallback: pending pak file info (ChunkID:-1 Root:root:/ File:D:/Epic Games/Unreal Engine 4/UE_4.27/FeaturePacks/TP_Flying.upack)
[2023.01.29-22.06.49:063][  0]LogPakFile: OnPakFileMounted2Time == 0.000030
[2023.01.29-22.06.49:063][  0]LogPakFile: PakFile PrimaryIndexSize=184
[2023.01.29-22.06.49:063][  0]LogPakFile: PakFile PathHashIndexSize=101
[2023.01.29-22.06.49:063][  0]LogPakFile: PakFile FullDirectoryIndexSize=142
[2023.01.29-22.06.49:063][  0]LogShaderLibrary: Display: ShaderCodeLibraryPakFileMountedCallback: PakFile 'D:/Epic Games/Unreal Engine 4/UE_4.27/FeaturePacks/TP_FlyingBP.upack' (chunk index -1, root 'root:/') mounted
[2023.01.29-22.06.49:063][  0]LogShaderLibrary: Display: ShaderCodeLibraryPakFileMountedCallback: pending pak file info (ChunkID:-1 Root:root:/ File:D:/Epic Games/Unreal Engine 4/UE_4.27/FeaturePacks/TP_FlyingBP.upack)
[2023.01.29-22.06.49:063][  0]LogPakFile: OnPakFileMounted2Time == 0.000030
[2023.01.29-22.06.49:063][  0]LogPakFile: PakFile PrimaryIndexSize=188
[2023.01.29-22.06.49:063][  0]LogPakFile: PakFile PathHashIndexSize=101
[2023.01.29-22.06.49:063][  0]LogPakFile: PakFile FullDirectoryIndexSize=150
[2023.01.29-22.06.49:063][  0]LogShaderLibrary: Display: ShaderCodeLibraryPakFileMountedCallback: PakFile 'D:/Epic Games/Unreal Engine 4/UE_4.27/FeaturePacks/TP_HandheldARBP.upack' (chunk index -1, root 'root:/') mounted
[2023.01.29-22.06.49:063][  0]LogShaderLibrary: Display: ShaderCodeLibraryPakFileMountedCallback: pending pak file info (ChunkID:-1 Root:root:/ File:D:/Epic Games/Unreal Engine 4/UE_4.27/FeaturePacks/TP_HandheldARBP.upack)
[2023.01.29-22.06.49:063][  0]LogPakFile: OnPakFileMounted2Time == 0.000033
[2023.01.29-22.06.49:064][  0]LogPakFile: PakFile PrimaryIndexSize=182
[2023.01.29-22.06.49:064][  0]LogPakFile: PakFile PathHashIndexSize=101
[2023.01.29-22.06.49:064][  0]LogPakFile: PakFile FullDirectoryIndexSize=138
[2023.01.29-22.06.49:064][  0]LogShaderLibrary: Display: ShaderCodeLibraryPakFileMountedCallback: PakFile 'D:/Epic Games/Unreal Engine 4/UE_4.27/FeaturePacks/TP_Puzzle.upack' (chunk index -1, root 'root:/') mounted
[2023.01.29-22.06.49:064][  0]LogShaderLibrary: Display: ShaderCodeLibraryPakFileMountedCallback: pending pak file info (ChunkID:-1 Root:root:/ File:D:/Epic Games/Unreal Engine 4/UE_4.27/FeaturePacks/TP_Puzzle.upack)
[2023.01.29-22.06.49:064][  0]LogPakFile: OnPakFileMounted2Time == 0.000032
[2023.01.29-22.06.49:065][  0]LogPakFile: PakFile PrimaryIndexSize=184
[2023.01.29-22.06.49:065][  0]LogPakFile: PakFile PathHashIndexSize=101
[2023.01.29-22.06.49:065][  0]LogPakFile: PakFile FullDirectoryIndexSize=142
[2023.01.29-22.06.49:065][  0]LogShaderLibrary: Display: ShaderCodeLibraryPakFileMountedCallback: PakFile 'D:/Epic Games/Unreal Engine 4/UE_4.27/FeaturePacks/TP_PuzzleBP.upack' (chunk index -1, root 'root:/') mounted
[2023.01.29-22.06.49:065][  0]LogShaderLibrary: Display: ShaderCodeLibraryPakFileMountedCallback: pending pak file info (ChunkID:-1 Root:root:/ File:D:/Epic Games/Unreal Engine 4/UE_4.27/FeaturePacks/TP_PuzzleBP.upack)
[2023.01.29-22.06.49:065][  0]LogPakFile: OnPakFileMounted2Time == 0.000031
[2023.01.29-22.06.49:066][  0]LogPakFile: PakFile PrimaryIndexSize=183
[2023.01.29-22.06.49:066][  0]LogPakFile: PakFile PathHashIndexSize=101
[2023.01.29-22.06.49:066][  0]LogPakFile: PakFile FullDirectoryIndexSize=140
[2023.01.29-22.06.49:066][  0]LogShaderLibrary: Display: ShaderCodeLibraryPakFileMountedCallback: PakFile 'D:/Epic Games/Unreal Engine 4/UE_4.27/FeaturePacks/TP_Rolling.upack' (chunk index -1, root 'root:/') mounted
[2023.01.29-22.06.49:066][  0]LogShaderLibrary: Display: ShaderCodeLibraryPakFileMountedCallback: pending pak file info (ChunkID:-1 Root:root:/ File:D:/Epic Games/Unreal Engine 4/UE_4.27/FeaturePacks/TP_Rolling.upack)
[2023.01.29-22.06.49:066][  0]LogPakFile: OnPakFileMounted2Time == 0.000094
[2023.01.29-22.06.49:066][  0]LogPakFile: PakFile PrimaryIndexSize=185
[2023.01.29-22.06.49:066][  0]LogPakFile: PakFile PathHashIndexSize=101
[2023.01.29-22.06.49:067][  0]LogPakFile: PakFile FullDirectoryIndexSize=144
[2023.01.29-22.06.49:067][  0]LogShaderLibrary: Display: ShaderCodeLibraryPakFileMountedCallback: PakFile 'D:/Epic Games/Unreal Engine 4/UE_4.27/FeaturePacks/TP_RollingBP.upack' (chunk index -1, root 'root:/') mounted
[2023.01.29-22.06.49:067][  0]LogShaderLibrary: Display: ShaderCodeLibraryPakFileMountedCallback: pending pak file info (ChunkID:-1 Root:root:/ File:D:/Epic Games/Unreal Engine 4/UE_4.27/FeaturePacks/TP_RollingBP.upack)
[2023.01.29-22.06.49:067][  0]LogPakFile: OnPakFileMounted2Time == 0.000037
[2023.01.29-22.06.49:067][  0]LogPakFile: PakFile PrimaryIndexSize=188
[2023.01.29-22.06.49:067][  0]LogPakFile: PakFile PathHashIndexSize=101
[2023.01.29-22.06.49:067][  0]LogPakFile: PakFile FullDirectoryIndexSize=150
[2023.01.29-22.06.49:067][  0]LogShaderLibrary: Display: ShaderCodeLibraryPakFileMountedCallback: PakFile 'D:/Epic Games/Unreal Engine 4/UE_4.27/FeaturePacks/TP_SideScroller.upack' (chunk index -1, root 'root:/') mounted
[2023.01.29-22.06.49:067][  0]LogShaderLibrary: Display: ShaderCodeLibraryPakFileMountedCallback: pending pak file info (ChunkID:-1 Root:root:/ File:D:/Epic Games/Unreal Engine 4/UE_4.27/FeaturePacks/TP_SideScroller.upack)
[2023.01.29-22.06.49:067][  0]LogPakFile: OnPakFileMounted2Time == 0.000035
[2023.01.29-22.06.49:068][  0]LogPakFile: PakFile PrimaryIndexSize=190
[2023.01.29-22.06.49:068][  0]LogPakFile: PakFile PathHashIndexSize=101
[2023.01.29-22.06.49:068][  0]LogPakFile: PakFile FullDirectoryIndexSize=154
[2023.01.29-22.06.49:068][  0]LogShaderLibrary: Display: ShaderCodeLibraryPakFileMountedCallback: PakFile 'D:/Epic Games/Unreal Engine 4/UE_4.27/FeaturePacks/TP_SideScrollerBP.upack' (chunk index -1, root 'root:/') mounted
[2023.01.29-22.06.49:068][  0]LogShaderLibrary: Display: ShaderCodeLibraryPakFileMountedCallback: pending pak file info (ChunkID:-1 Root:root:/ File:D:/Epic Games/Unreal Engine 4/UE_4.27/FeaturePacks/TP_SideScrollerBP.upack)
[2023.01.29-22.06.49:068][  0]LogPakFile: OnPakFileMounted2Time == 0.000035
[2023.01.29-22.06.49:069][  0]LogPakFile: PakFile PrimaryIndexSize=187
[2023.01.29-22.06.49:069][  0]LogPakFile: PakFile PathHashIndexSize=101
[2023.01.29-22.06.49:069][  0]LogPakFile: PakFile FullDirectoryIndexSize=148
[2023.01.29-22.06.49:069][  0]LogShaderLibrary: Display: ShaderCodeLibraryPakFileMountedCallback: PakFile 'D:/Epic Games/Unreal Engine 4/UE_4.27/FeaturePacks/TP_ThirdPerson.upack' (chunk index -1, root 'root:/') mounted
[2023.01.29-22.06.49:069][  0]LogShaderLibrary: Display: ShaderCodeLibraryPakFileMountedCallback: pending pak file info (ChunkID:-1 Root:root:/ File:D:/Epic Games/Unreal Engine 4/UE_4.27/FeaturePacks/TP_ThirdPerson.upack)
[2023.01.29-22.06.49:069][  0]LogPakFile: OnPakFileMounted2Time == 0.000031
[2023.01.29-22.06.49:070][  0]LogPakFile: PakFile PrimaryIndexSize=189
[2023.01.29-22.06.49:070][  0]LogPakFile: PakFile PathHashIndexSize=101
[2023.01.29-22.06.49:070][  0]LogPakFile: PakFile FullDirectoryIndexSize=152
[2023.01.29-22.06.49:070][  0]LogShaderLibrary: Display: ShaderCodeLibraryPakFileMountedCallback: PakFile 'D:/Epic Games/Unreal Engine 4/UE_4.27/FeaturePacks/TP_ThirdPersonBP.upack' (chunk index -1, root 'root:/') mounted
[2023.01.29-22.06.49:070][  0]LogShaderLibrary: Display: ShaderCodeLibraryPakFileMountedCallback: pending pak file info (ChunkID:-1 Root:root:/ File:D:/Epic Games/Unreal Engine 4/UE_4.27/FeaturePacks/TP_ThirdPersonBP.upack)
[2023.01.29-22.06.49:070][  0]LogPakFile: OnPakFileMounted2Time == 0.000031
[2023.01.29-22.06.49:070][  0]LogPakFile: PakFile PrimaryIndexSize=183
[2023.01.29-22.06.49:070][  0]LogPakFile: PakFile PathHashIndexSize=101
[2023.01.29-22.06.49:070][  0]LogPakFile: PakFile FullDirectoryIndexSize=140
[2023.01.29-22.06.49:070][  0]LogShaderLibrary: Display: ShaderCodeLibraryPakFileMountedCallback: PakFile 'D:/Epic Games/Unreal Engine 4/UE_4.27/FeaturePacks/TP_TopDown.upack' (chunk index -1, root 'root:/') mounted
[2023.01.29-22.06.49:070][  0]LogShaderLibrary: Display: ShaderCodeLibraryPakFileMountedCallback: pending pak file info (ChunkID:-1 Root:root:/ File:D:/Epic Games/Unreal Engine 4/UE_4.27/FeaturePacks/TP_TopDown.upack)
[2023.01.29-22.06.49:070][  0]LogPakFile: OnPakFileMounted2Time == 0.000038
[2023.01.29-22.06.49:071][  0]LogPakFile: PakFile PrimaryIndexSize=185
[2023.01.29-22.06.49:071][  0]LogPakFile: PakFile PathHashIndexSize=101
[2023.01.29-22.06.49:071][  0]LogPakFile: PakFile FullDirectoryIndexSize=144
[2023.01.29-22.06.49:071][  0]LogShaderLibrary: Display: ShaderCodeLibraryPakFileMountedCallback: PakFile 'D:/Epic Games/Unreal Engine 4/UE_4.27/FeaturePacks/TP_TopDownBP.upack' (chunk index -1, root 'root:/') mounted
[2023.01.29-22.06.49:071][  0]LogShaderLibrary: Display: ShaderCodeLibraryPakFileMountedCallback: pending pak file info (ChunkID:-1 Root:root:/ File:D:/Epic Games/Unreal Engine 4/UE_4.27/FeaturePacks/TP_TopDownBP.upack)
[2023.01.29-22.06.49:071][  0]LogPakFile: OnPakFileMounted2Time == 0.000030
[2023.01.29-22.06.49:072][  0]LogPakFile: PakFile PrimaryIndexSize=185
[2023.01.29-22.06.49:072][  0]LogPakFile: PakFile PathHashIndexSize=101
[2023.01.29-22.06.49:072][  0]LogPakFile: PakFile FullDirectoryIndexSize=144
[2023.01.29-22.06.49:072][  0]LogShaderLibrary: Display: ShaderCodeLibraryPakFileMountedCallback: PakFile 'D:/Epic Games/Unreal Engine 4/UE_4.27/FeaturePacks/TP_TwinStick.upack' (chunk index -1, root 'root:/') mounted
[2023.01.29-22.06.49:072][  0]LogShaderLibrary: Display: ShaderCodeLibraryPakFileMountedCallback: pending pak file info (ChunkID:-1 Root:root:/ File:D:/Epic Games/Unreal Engine 4/UE_4.27/FeaturePacks/TP_TwinStick.upack)
[2023.01.29-22.06.49:072][  0]LogPakFile: OnPakFileMounted2Time == 0.000036
[2023.01.29-22.06.49:073][  0]LogPakFile: PakFile PrimaryIndexSize=187
[2023.01.29-22.06.49:073][  0]LogPakFile: PakFile PathHashIndexSize=101
[2023.01.29-22.06.49:073][  0]LogPakFile: PakFile FullDirectoryIndexSize=148
[2023.01.29-22.06.49:073][  0]LogShaderLibrary: Display: ShaderCodeLibraryPakFileMountedCallback: PakFile 'D:/Epic Games/Unreal Engine 4/UE_4.27/FeaturePacks/TP_TwinStickBP.upack' (chunk index -1, root 'root:/') mounted
[2023.01.29-22.06.49:073][  0]LogShaderLibrary: Display: ShaderCodeLibraryPakFileMountedCallback: pending pak file info (ChunkID:-1 Root:root:/ File:D:/Epic Games/Unreal Engine 4/UE_4.27/FeaturePacks/TP_TwinStickBP.upack)
[2023.01.29-22.06.49:073][  0]LogPakFile: OnPakFileMounted2Time == 0.000032
[2023.01.29-22.06.49:073][  0]LogPakFile: PakFile PrimaryIndexSize=183
[2023.01.29-22.06.49:073][  0]LogPakFile: PakFile PathHashIndexSize=101
[2023.01.29-22.06.49:073][  0]LogPakFile: PakFile FullDirectoryIndexSize=140
[2023.01.29-22.06.49:073][  0]LogShaderLibrary: Display: ShaderCodeLibraryPakFileMountedCallback: PakFile 'D:/Epic Games/Unreal Engine 4/UE_4.27/FeaturePacks/TP_Vehicle.upack' (chunk index -1, root 'root:/') mounted
[2023.01.29-22.06.49:073][  0]LogShaderLibrary: Display: ShaderCodeLibraryPakFileMountedCallback: pending pak file info (ChunkID:-1 Root:root:/ File:D:/Epic Games/Unreal Engine 4/UE_4.27/FeaturePacks/TP_Vehicle.upack)
[2023.01.29-22.06.49:073][  0]LogPakFile: OnPakFileMounted2Time == 0.000030
[2023.01.29-22.06.49:074][  0]LogPakFile: PakFile PrimaryIndexSize=186
[2023.01.29-22.06.49:074][  0]LogPakFile: PakFile PathHashIndexSize=101
[2023.01.29-22.06.49:074][  0]LogPakFile: PakFile FullDirectoryIndexSize=146
[2023.01.29-22.06.49:074][  0]LogShaderLibrary: Display: ShaderCodeLibraryPakFileMountedCallback: PakFile 'D:/Epic Games/Unreal Engine 4/UE_4.27/FeaturePacks/TP_VehicleAdv.upack' (chunk index -1, root 'root:/') mounted
[2023.01.29-22.06.49:074][  0]LogShaderLibrary: Display: ShaderCodeLibraryPakFileMountedCallback: pending pak file info (ChunkID:-1 Root:root:/ File:D:/Epic Games/Unreal Engine 4/UE_4.27/FeaturePacks/TP_VehicleAdv.upack)
[2023.01.29-22.06.49:074][  0]LogPakFile: OnPakFileMounted2Time == 0.000032
[2023.01.29-22.06.49:075][  0]LogPakFile: PakFile PrimaryIndexSize=188
[2023.01.29-22.06.49:075][  0]LogPakFile: PakFile PathHashIndexSize=101
[2023.01.29-22.06.49:075][  0]LogPakFile: PakFile FullDirectoryIndexSize=150
[2023.01.29-22.06.49:075][  0]LogShaderLibrary: Display: ShaderCodeLibraryPakFileMountedCallback: PakFile 'D:/Epic Games/Unreal Engine 4/UE_4.27/FeaturePacks/TP_VehicleAdvBP.upack' (chunk index -1, root 'root:/') mounted
[2023.01.29-22.06.49:075][  0]LogShaderLibrary: Display: ShaderCodeLibraryPakFileMountedCallback: pending pak file info (ChunkID:-1 Root:root:/ File:D:/Epic Games/Unreal Engine 4/UE_4.27/FeaturePacks/TP_VehicleAdvBP.upack)
[2023.01.29-22.06.49:075][  0]LogPakFile: OnPakFileMounted2Time == 0.000032
[2023.01.29-22.06.49:076][  0]LogPakFile: PakFile PrimaryIndexSize=185
[2023.01.29-22.06.49:076][  0]LogPakFile: PakFile PathHashIndexSize=101
[2023.01.29-22.06.49:076][  0]LogPakFile: PakFile FullDirectoryIndexSize=144
[2023.01.29-22.06.49:076][  0]LogShaderLibrary: Display: ShaderCodeLibraryPakFileMountedCallback: PakFile 'D:/Epic Games/Unreal Engine 4/UE_4.27/FeaturePacks/TP_VehicleBP.upack' (chunk index -1, root 'root:/') mounted
[2023.01.29-22.06.49:076][  0]LogShaderLibrary: Display: ShaderCodeLibraryPakFileMountedCallback: pending pak file info (ChunkID:-1 Root:root:/ File:D:/Epic Games/Unreal Engine 4/UE_4.27/FeaturePacks/TP_VehicleBP.upack)
[2023.01.29-22.06.49:076][  0]LogPakFile: OnPakFileMounted2Time == 0.000030
[2023.01.29-22.06.49:077][  0]LogPakFile: PakFile PrimaryIndexSize=192
[2023.01.29-22.06.49:077][  0]LogPakFile: PakFile PathHashIndexSize=101
[2023.01.29-22.06.49:077][  0]LogPakFile: PakFile FullDirectoryIndexSize=158
[2023.01.29-22.06.49:077][  0]LogShaderLibrary: Display: ShaderCodeLibraryPakFileMountedCallback: PakFile 'D:/Epic Games/Unreal Engine 4/UE_4.27/FeaturePacks/TP_VirtualRealityBP.upack' (chunk index -1, root 'root:/') mounted
[2023.01.29-22.06.49:077][  0]LogShaderLibrary: Display: ShaderCodeLibraryPakFileMountedCallback: pending pak file info (ChunkID:-1 Root:root:/ File:D:/Epic Games/Unreal Engine 4/UE_4.27/FeaturePacks/TP_VirtualRealityBP.upack)
[2023.01.29-22.06.49:077][  0]LogPakFile: OnPakFileMounted2Time == 0.000031
[2023.01.29-22.06.49:134][  0]LogNativeClassHierarchy: Verbose: Native class hierarchy updated for 'AddContentDialog' in 0.0002 seconds. Added 0 classes and 0 folders.
[2023.01.29-22.06.49:384][  0]LogNativeClassHierarchy: Verbose: Native class hierarchy updated for 'SceneOutliner' in 0.0003 seconds. Added 2 classes and 0 folders.
[2023.01.29-22.06.53:269][  0]LogSlate: Took 0.000208 seconds to synchronously load lazily loaded font '../../../Engine/Content/Slate/Fonts/Roboto-Regular.ttf' (155K)
[2023.01.29-22.06.53:315][  0]LogSlate: Took 0.022191 seconds to synchronously load lazily loaded font '../../../Engine/Content/Editor/Slate/Fonts/FontAwesome.ttf' (139K)
[2023.01.29-22.06.53:332][  0]LogSlate: Took 0.000173 seconds to synchronously load lazily loaded font '../../../Engine/Content/Slate/Fonts/Roboto-Bold.ttf' (160K)
[2023.01.29-22.06.54:994][  0]LogRenderer: Reallocating scene render targets to support 1204x652 Format 10 NumSamples 1 (Frame:1).
[2023.01.29-22.06.55:610][  0]LogNativeClassHierarchy: Verbose: Native class hierarchy updated for 'HierarchicalLODOutliner' in 0.0002 seconds. Added 0 classes and 0 folders.
[2023.01.29-22.06.55:610][  0]LogLoad: (Engine Initialization) Total time: 25.50 seconds
[2023.01.29-22.06.55:610][  0]LogLoad: (Engine Initialization) Total Blueprint compile time: 0.00 seconds
[2023.01.29-22.06.55:654][  0]LogAssetRegistry: Asset discovery search completed in 22.6351 seconds
[2023.01.29-22.06.55:659][  0]LogCollectionManager: Fixed up redirectors for 0 collections in 0.000003 seconds (updated 0 objects)
[2023.01.29-22.06.55:669][  0]LogContentStreaming: Texture pool size now 1000 MB
[2023.01.29-22.06.55:917][  2]LogSlate: Took 0.000183 seconds to synchronously load lazily loaded font '../../../Engine/Content/Slate/Fonts/Roboto-Light.ttf' (167K)
[2023.01.29-22.06.56:955][ 87]LogEditorViewport: Clicking on Actor (LMB): PaperSpriteActor (Background_Sprite)
[2023.01.29-22.07.01:555][511]LogTemp: Repeating last play command: Selected Viewport
[2023.01.29-22.07.01:619][511]LogPlayLevel: PlayLevel: No blueprints needed recompiling
[2023.01.29-22.07.01:654][511]PIE: New page: PIE session: 2DSideScrollerExampleMap (30 янв. 2023 г., 04:07:01)
[2023.01.29-22.07.01:671][511]LogOnline: OSS: Creating online subsystem instance for: NULL
[2023.01.29-22.07.01:686][511]LogOnline: OSS: TryLoadSubsystemAndSetDefault: Loaded subsystem for module [NULL]
[2023.01.29-22.07.01:710][511]LogPlayLevel: Creating play world package: /Game/2DSideScrollerBP/Maps/UEDPIE_0_2DSideScrollerExampleMap
[2023.01.29-22.07.01:752][511]LogPlayLevel: PIE: StaticDuplicateObject took: (0.041357s)
[2023.01.29-22.07.01:753][511]LogAIModule: Creating AISystem for world 2DSideScrollerExampleMap
[2023.01.29-22.07.01:756][511]LogPlayLevel: PIE: World Init took: (0.005365s)
[2023.01.29-22.07.01:760][511]LogPlayLevel: PIE: Created PIE world by copying editor world from /Game/2DSideScrollerBP/Maps/2DSideScrollerExampleMap.2DSideScrollerExampleMap to /Game/2DSideScrollerBP/Maps/UEDPIE_0_2DSideScrollerExampleMap.2DSideScrollerExampleMap (0.050241s)
[2023.01.29-22.07.01:768][511]LogUObjectHash: Compacting FUObjectHashTables data took   0.53ms
[2023.01.29-22.07.01:793][511]LogAudio: Display: Creating Audio Device:                 Id: 2, Scope: Unique, Realtime: True
[2023.01.29-22.07.01:793][511]LogAudioMixer: Display: Audio Mixer Platform Settings:
[2023.01.29-22.07.01:793][511]LogAudioMixer: Display: 	Sample Rate:						  48000
[2023.01.29-22.07.01:793][511]LogAudioMixer: Display: 	Callback Buffer Frame Size Requested: 1024
[2023.01.29-22.07.01:793][511]LogAudioMixer: Display: 	Callback Buffer Frame Size To Use:	  1024
[2023.01.29-22.07.01:793][511]LogAudioMixer: Display: 	Number of buffers to queue:			  2
[2023.01.29-22.07.01:793][511]LogAudioMixer: Display: 	Max Channels (voices):				  32
[2023.01.29-22.07.01:793][511]LogAudioMixer: Display: 	Number of Async Source Workers:		  0
[2023.01.29-22.07.01:793][511]LogAudio: Display: AudioDevice MaxSources: 32
[2023.01.29-22.07.01:794][511]LogAudio: Display: Audio Spatialization Plugin: None (built-in).
[2023.01.29-22.07.01:794][511]LogAudio: Display: Audio Reverb Plugin: None (built-in).
[2023.01.29-22.07.01:794][511]LogAudio: Display: Audio Occlusion Plugin: None (built-in).
[2023.01.29-22.07.01:794][511]LogAudioMixer: Display: Initializing audio mixer.
[2023.01.29-22.07.01:797][511]LogAudioMixer: Display: 0: FrontLeft
[2023.01.29-22.07.01:797][511]LogAudioMixer: Display: 1: FrontRight
[2023.01.29-22.07.01:806][511]LogAudioMixer: Display: Using Audio Device Динамики (USB Audio Device)
[2023.01.29-22.07.01:806][511]LogAudioMixer: Display: Initializing Sound Submixes...
[2023.01.29-22.07.01:806][511]LogAudioMixer: Display: Creating Master Submix 'MasterSubmixDefault'
[2023.01.29-22.07.01:806][511]LogAudioMixer: Display: Creating Master Submix 'MasterReverbSubmixDefault'
[2023.01.29-22.07.01:806][511]LogAudioMixer: Display: Creating Master Submix 'MasterEQSubmixDefault'
[2023.01.29-22.07.01:806][511]LogAudioMixer: FMixerPlatformXAudio2::StartAudioStream() called
[2023.01.29-22.07.01:806][511]LogAudioMixer: Display: Output buffers initialized: Frames=1024, Channels=2, Samples=2048
[2023.01.29-22.07.01:807][511]LogAudioMixer: Display: Starting AudioMixerPlatformInterface::RunInternal()
[2023.01.29-22.07.01:807][511]LogAudioMixer: Display: FMixerPlatformXAudio2::SubmitBuffer() called for the first time
[2023.01.29-22.07.01:807][511]LogInit: FAudioDevice initialized.
[2023.01.29-22.07.01:807][511]LogAudio: Display: Audio Device (ID: 2) registered with world '2DSideScrollerExampleMap'.
[2023.01.29-22.07.01:841][511]LogLoad: Game class is '2DSideScrollerGameMode_C'
[2023.01.29-22.07.01:936][511]LogWorld: Bringing World /Game/2DSideScrollerBP/Maps/UEDPIE_0_2DSideScrollerExampleMap.2DSideScrollerExampleMap up for play (max tick rate 0) at 2023.01.30-01.07.01
[2023.01.29-22.07.01:954][511]LogWorld: Bringing up level for play took: 0.025463
[2023.01.29-22.07.01:957][511]LogOnline: OSS: Creating online subsystem instance for: :Context_2
[2023.01.29-22.07.02:134][511]LogNativeClassHierarchy: Verbose: Native class hierarchy updated for 'MovieSceneCapture' in 0.0003 seconds. Added 20 classes and 0 folders.
[2023.01.29-22.07.02:155][511]PIE: Server logged in
[2023.01.29-22.07.02:156][511]PIE: Play in editor total start time 0,595 seconds.
[2023.01.29-22.08.09:949][598]LogSlate: Updating window title bar state: overlay mode, drag disabled, window buttons hidden, title bar hidden
[2023.01.29-22.08.09:949][598]LogWorld: BeginTearingDown for /Game/2DSideScrollerBP/Maps/UEDPIE_0_2DSideScrollerExampleMap
[2023.01.29-22.08.09:950][598]LogWorld: UWorld::CleanupWorld for 2DSideScrollerExampleMap, bSessionEnded=true, bCleanupResources=true
[2023.01.29-22.08.09:951][598]LogSlate: InvalidateAllWidgets triggered.  All widgets were invalidated
[2023.01.29-22.08.10:021][598]LogPlayLevel: Display: Shutting down PIE online subsystems
[2023.01.29-22.08.10:057][598]LogSlate: InvalidateAllWidgets triggered.  All widgets were invalidated
[2023.01.29-22.08.10:062][598]LogAudio: Display: Audio Device unregistered from world 'None'.
[2023.01.29-22.08.10:063][598]LogAudioMixer: FMixerPlatformXAudio2::StopAudioStream() called
[2023.01.29-22.08.10:064][598]LogAudioMixer: FMixerPlatformXAudio2::StopAudioStream() called
[2023.01.29-22.08.10:067][598]LogSlate: Updating window title bar state: overlay mode, drag disabled, window buttons hidden, title bar hidden
[2023.01.29-22.08.10:085][598]LogUObjectHash: Compacting FUObjectHashTables data took   0.56ms
[2023.01.29-22.08.10:154][599]LogPlayLevel: Display: Destroying online subsystem :Context_2
[2023.01.29-22.08.13:188][845]LogSlate: Took 0.000133 seconds to synchronously load lazily loaded font '../../../Engine/Content/Slate/Fonts/Roboto-Light.ttf' (167K)
[2023.01.29-22.08.20:732][250]LogSlate: Prevented a slow task dialog from being summoned while a context menu was open
[2023.01.29-22.08.20:732][250]LogAssetEditorSubsystem: Opening Asset editor for Blueprint /Game/2DSideScrollerBP/Blueprints/2DSideScrollerCharacter.2DSideScrollerCharacter
[2023.01.29-22.08.21:147][250]LogNativeClassHierarchy: Verbose: Native class hierarchy updated for 'BlueprintGraph' in 0.0010 seconds. Added 126 classes and 0 folders.
[2023.01.29-22.08.22:434][250]LogSlate: Took 0.000216 seconds to synchronously load lazily loaded font '../../../Engine/Content/Slate/Fonts/Roboto-BoldCondensed.ttf' (158K)
[2023.01.29-22.08.22:708][251]LogSlate: Took 0.008523 seconds to synchronously load lazily loaded font '../../../Engine/Content/Slate/Fonts/Roboto-Italic.ttf' (157K)
[2023.01.29-22.09.30:332][485]LogSlate: Prevented a slow task dialog from being summoned while a context menu was open
[2023.01.29-22.09.30:332][485]LogAssetEditorSubsystem: Opening Asset editor for Blueprint /Game/2DSideScrollerBP/Blueprints/2DSideScrollerGameMode.2DSideScrollerGameMode
[2023.01.29-22.09.45:101][703]LogSlate: Prevented a slow task dialog from being summoned while a context menu was open
[2023.01.29-22.09.45:101][703]LogAssetEditorSubsystem: Opening Asset editor for Blueprint /Game/2DSideScrollerBP/2DSideScrollerOverview.2DSideScrollerOverview
